
ch32_vritual.elf:     file format elf32-littleriscv
ch32_vritual.elf
architecture: riscv:rv32, flags 0x00000112:
EXEC_P, HAS_SYMS, D_PAGED
start address 0x00000000

Program Header:
    LOAD off    0x00001000 vaddr 0x00000000 paddr 0x00000000 align 2**12
         filesz 0x00000a98 memsz 0x00000a98 flags r-x
    LOAD off    0x00002000 vaddr 0x20000000 paddr 0x00000a98 align 2**12
         filesz 0x00001788 memsz 0x00001790 flags rw-
    LOAD off    0x00003800 vaddr 0x20007800 paddr 0x20007800 align 2**12
         filesz 0x00000000 memsz 0x00000800 flags rw-

Sections:
Idx Name          Size      VMA       LMA       File off  Algn
  0 .init         00000038  00000000  00000000  00001000  2**1
                  CONTENTS, ALLOC, LOAD, READONLY, CODE
  1 .vector       000001c8  00000038  00000038  00001038  2**1
                  CONTENTS, ALLOC, LOAD, READONLY, CODE
  2 .text         00000898  00000200  00000200  00001200  2**1
                  CONTENTS, ALLOC, LOAD, READONLY, CODE
  3 .fini         00000000  00000a98  00000a98  00003788  2**0
                  CONTENTS, ALLOC, LOAD, CODE
  4 .dalign       00000000  20000000  20000000  00003788  2**0
                  CONTENTS
  5 .dlalign      00000000  00000a98  00000a98  00003788  2**0
                  CONTENTS
  6 .data         00001788  20000000  00000a98  00002000  2**2
                  CONTENTS, ALLOC, LOAD, DATA
  7 .bss          00000008  20001788  00002220  00003788  2**1
                  ALLOC
  8 .stack        00000800  20007800  20007800  00003800  2**0
                  ALLOC
  9 .debug_info   0000c8d4  00000000  00000000  00003788  2**0
                  CONTENTS, READONLY, DEBUGGING
 10 .debug_abbrev 00001fb0  00000000  00000000  0001005c  2**0
                  CONTENTS, READONLY, DEBUGGING
 11 .debug_aranges 00000768  00000000  00000000  00012010  2**3
                  CONTENTS, READONLY, DEBUGGING
 12 .debug_ranges 000006f8  00000000  00000000  00012778  2**3
                  CONTENTS, READONLY, DEBUGGING
 13 .debug_line   00008cae  00000000  00000000  00012e70  2**0
                  CONTENTS, READONLY, DEBUGGING
 14 .debug_str    00002840  00000000  00000000  0001bb1e  2**0
                  CONTENTS, READONLY, DEBUGGING
 15 .comment      00000033  00000000  00000000  0001e35e  2**0
                  CONTENTS, READONLY
 16 .debug_frame  00001000  00000000  00000000  0001e394  2**2
                  CONTENTS, READONLY, DEBUGGING
 17 .debug_loc    00003783  00000000  00000000  0001f394  2**0
                  CONTENTS, READONLY, DEBUGGING
SYMBOL TABLE:
00000000 l    d  .init	00000000 .init
00000038 l    d  .vector	00000000 .vector
00000200 l    d  .text	00000000 .text
00000a98 l    d  .fini	00000000 .fini
20000000 l    d  .dalign	00000000 .dalign
00000a98 l    d  .dlalign	00000000 .dlalign
20000000 l    d  .data	00000000 .data
20001788 l    d  .bss	00000000 .bss
20007800 l    d  .stack	00000000 .stack
00000000 l    d  .debug_info	00000000 .debug_info
00000000 l    d  .debug_abbrev	00000000 .debug_abbrev
00000000 l    d  .debug_aranges	00000000 .debug_aranges
00000000 l    d  .debug_ranges	00000000 .debug_ranges
00000000 l    d  .debug_line	00000000 .debug_line
00000000 l    d  .debug_str	00000000 .debug_str
00000000 l    d  .comment	00000000 .comment
00000000 l    d  .debug_frame	00000000 .debug_frame
00000000 l    d  .debug_loc	00000000 .debug_loc
00000000 l    df *ABS*	00000000 ./Startup/startup_ch32v30x_D8C.o
00000038 l       .vector	00000000 _vector_base
00000000 l    df *ABS*	00000000 ch32v30x_it.c
00000000 l    df *ABS*	00000000 main.c
00000000 l    df *ABS*	00000000 system_ch32v30x.c
00000000 l    df *ABS*	00000000 ch32v30x_exti.c
00000000 l    df *ABS*	00000000 ch32v30x_gpio.c
00000000 l    df *ABS*	00000000 ch32v30x_rcc.c
00000000 l    df *ABS*	00000000 ch32v30x_tim.c
00000000 l    df *ABS*	00000000 st7789.c
00000000 l    df *ABS*	00000000 system.c
00000000 l    df *ABS*	00000000 debug.c
2000178c l     O .bss	00000002 p_ms
00000000 l    df *ABS*	00000000 font.c
000003e4  w      .text	00000000 EXTI2_IRQHandler
0000042e  w      .text	00000000 TIM8_TRG_COM_IRQHandler
00000430  w      .text	00000000 TIM8_CC_IRQHandler
2000178a g     O .bss	00000002 LED_Status
00000466  w      .text	00000000 UART8_IRQHandler
20001780 g     O .data	00000002 BACK_COLOR
20001f80 g       .data	00000000 __global_pointer$
00000208 g     F .text	00000028 .hidden __riscv_save_8
0000040a  w      .text	00000000 TIM1_CC_IRQHandler
00000264 g     F .text	00000002 HardFault_Handler
00000254 g     F .text	0000000c .hidden __riscv_restore_3
00000a34 g     F .text	0000002e TIM6_IRQHandler
000003d0  w      .text	00000000 SysTick_Handler
000003d6  w      .text	00000000 PVD_IRQHandler
00000436  w      .text	00000000 SDIO_IRQHandler
20000000 g     O .data	00000200 bu
00000468  w      .text	00000000 TIM9_BRK_IRQHandler
00000240 g     F .text	00000020 .hidden __riscv_restore_10
0000047c  w      .text	00000000 DMA2_Channel8_IRQHandler
00000260 g     F .text	00000004 NMI_Handler
00000456  w      .text	00000000 CAN2_RX1_IRQHandler
000003e6  w      .text	00000000 EXTI3_IRQHandler
00000208 g     F .text	00000028 .hidden __riscv_save_11
00000788 g     F .text	0000000c lcd_display_off
0000045e  w      .text	00000000 USBHS_IRQHandler
0000047e  w      .text	00000000 DMA2_Channel9_IRQHandler
00000476  w      .text	00000000 TIM10_CC_IRQHandler
20001788 g       .bss	00000000 _sbss
00000800 g       *ABS*	00000000 __stack_size
20001788 g     O .bss	00000002 POINT_COLOR
00000254 g     F .text	0000000c .hidden __riscv_restore_2
20000200 g     O .data	00000a00 chunfeng
20001380 g     O .data	00000200 shao
00000a08 g     F .text	0000002c EXTI0_IRQHandler
00000416  w      .text	00000000 I2C2_EV_IRQHandler
00000474  w      .text	00000000 TIM10_TRG_COM_IRQHandler
20000f80 g     O .data	00000200 huo
00000600 g     F .text	0000000c TIM_ClearFlag
00000038 g       .init	00000000 _einit
000005e2 g     F .text	0000001e RCC_APB2PeriphClockCmd
00000200 g     F .text	00000030 .hidden __riscv_save_12
00000458  w      .text	00000000 CAN2_SCE_IRQHandler
000003f8  w      .text	00000000 ADC1_2_IRQHandler
00000518 g     F .text	000000c0 GPIO_Init
000003ce  w      .text	00000000 Break_Point_Handler
00000240 g     F .text	00000020 .hidden __riscv_restore_11
0000041a  w      .text	00000000 SPI1_IRQHandler
00000230 g     F .text	0000000c .hidden __riscv_save_1
000003d8  w      .text	00000000 TAMPER_IRQHandler
00000254 g     F .text	0000000c .hidden __riscv_restore_0
00000216 g     F .text	0000001a .hidden __riscv_save_7
00000454  w      .text	00000000 CAN2_RX0_IRQHandler
0000042c  w      .text	00000000 TIM8_UP_IRQHandler
000003ca  w      .text	00000000 Ecall_M_Mode_Handler
20007800 g       .stack	00000000 _heap_end
0000024a g     F .text	00000016 .hidden __riscv_restore_5
00000446  w      .text	00000000 DMA2_Channel2_IRQHandler
000003f0  w      .text	00000000 DMA1_Channel4_IRQHandler
00000794 g     F .text	00000044 lcd_clear
000007d8 g     F .text	0000001c lcd_draw_point
0000046a  w      .text	00000000 TIM9_UP_IRQHandler
0000024a g     F .text	00000016 .hidden __riscv_restore_6
00000422  w      .text	00000000 USART3_IRQHandler
000003da  w      .text	00000000 RTC_IRQHandler
20001790 g       .bss	00000000 _ebss
000003f6  w      .text	00000000 DMA1_Channel7_IRQHandler
000003fe  w      .text	00000000 CAN1_RX1_IRQHandler
00000460  w      .text	00000000 DVP_IRQHandler
0000043e  w      .text	00000000 UART5_IRQHandler
00000640 g     F .text	00000070 lcd_write_reg
00000410  w      .text	00000000 TIM4_IRQHandler
00000208 g     F .text	00000028 .hidden __riscv_save_9
000005d8 g     F .text	0000000a GPIO_WriteBit
00000444  w      .text	00000000 DMA2_Channel1_IRQHandler
00000216 g     F .text	0000001a .hidden __riscv_save_4
00000412  w      .text	00000000 I2C1_EV_IRQHandler
000003f4  w      .text	00000000 DMA1_Channel6_IRQHandler
0000043c  w      .text	00000000 UART4_IRQHandler
0000044a  w      .text	00000000 DMA2_Channel4_IRQHandler
0000040e  w      .text	00000000 TIM3_IRQHandler
000003de  w      .text	00000000 RCC_IRQHandler
00000230 g     F .text	0000000c .hidden __riscv_save_3
00000408  w      .text	00000000 TIM1_TRG_COM_IRQHandler
000003ea  w      .text	00000000 DMA1_Channel1_IRQHandler
00000000 g       .init	00000000 _start
0000047a  w      .text	00000000 DMA2_Channel7_IRQHandler
0000050e g     F .text	0000000a EXTI_ClearFlag
00000424  w      .text	00000000 EXTI15_10_IRQHandler
0000060c g     F .text	00000034 ST7789_GPIO_init
0000072c g     F .text	00000050 lcd_set_address
00000442  w      .text	00000000 TIM7_IRQHandler
00000452  w      .text	00000000 CAN2_TX_IRQHandler
20000000 g       .dalign	00000000 _data_vma
00000438  w      .text	00000000 TIM5_IRQHandler
00000720 g     F .text	0000000c lcd_write_ram
20000c00 g     O .data	00000380 dao
00000402  w      .text	00000000 EXTI9_5_IRQHandler
00000208 g     F .text	00000028 .hidden __riscv_save_10
00000450  w      .text	00000000 ETH_WKUP_IRQHandler
0000024a g     F .text	00000016 .hidden __riscv_restore_4
00000240 g     F .text	00000020 .hidden __riscv_restore_8
00000216 g     F .text	0000001a .hidden __riscv_save_6
0000041c  w      .text	00000000 SPI2_IRQHandler
00000240 g     F .text	00000020 .hidden __riscv_restore_9
0000024a g     F .text	00000016 .hidden __riscv_restore_7
00000896 g     F .text	00000172 lcd_init
00000266 g     F .text	000000ae main
00000470  w      .text	00000000 TIM10_BRK_IRQHandler
0000046e  w      .text	00000000 TIM9_CC_IRQHandler
0000044c  w      .text	00000000 DMA2_Channel5_IRQHandler
000003f2  w      .text	00000000 DMA1_Channel5_IRQHandler
000003e8  w      .text	00000000 EXTI4_IRQHandler
00000a62 g     F .text	00000036 Delay_Ms
000003fc  w      .text	00000000 USB_LP_CAN1_RX0_IRQHandler
20001580 g     O .data	00000200 ye
00000314 g     F .text	000000b2 SystemInit
00000432  w      .text	00000000 RNG_IRQHandler
000003fa  w      .text	00000000 USB_HP_CAN1_TX_IRQHandler
00000000 g       .init	00000000 _sinit
000003ee  w      .text	00000000 DMA1_Channel3_IRQHandler
000006b0 g     F .text	00000070 lcd_write_data
00000434  w      .text	00000000 FSMC_IRQHandler
0000044e  w      .text	00000000 ETH_IRQHandler
00000406  w      .text	00000000 TIM1_UP_IRQHandler
0000077c g     F .text	0000000c lcd_display_on
000007f4 g     F .text	000000a2 lcd_show_chinese
000003d4  w      .text	00000000 WWDG_IRQHandler
0000045c  w      .text	00000000 USBHSWakeup_IRQHandler
00000482  w      .text	00000000 DMA2_Channel11_IRQHandler
000003cc  w      .text	00000000 Ecall_U_Mode_Handler
00000478  w      .text	00000000 DMA2_Channel6_IRQHandler
0000040c  w      .text	00000000 TIM2_IRQHandler
20008000 g       .stack	00000000 _eusrstack
00000230 g     F .text	0000000c .hidden __riscv_save_2
000003d2  w      .text	00000000 SW_Handler
00000404  w      .text	00000000 TIM1_BRK_IRQHandler
00000480  w      .text	00000000 DMA2_Channel10_IRQHandler
000003e2  w      .text	00000000 EXTI1_IRQHandler
00000216 g     F .text	0000001a .hidden __riscv_save_5
20001788 g       .data	00000000 _edata
20001790 g       .bss	00000000 _end
00000426  w      .text	00000000 RTCAlarm_IRQHandler
00000a98 g       .dlalign	00000000 _data_lma
00000472  w      .text	00000000 TIM10_UP_IRQHandler
0000046c  w      .text	00000000 TIM9_TRG_COM_IRQHandler
00000464  w      .text	00000000 UART7_IRQHandler
00000420  w      .text	00000000 USART2_IRQHandler
00000462  w      .text	00000000 UART6_IRQHandler
00000418  w      .text	00000000 I2C2_ER_IRQHandler
000003ec  w      .text	00000000 DMA1_Channel2_IRQHandler
0000023c g     F .text	00000024 .hidden __riscv_restore_12
0000042a  w      .text	00000000 TIM8_BRK_IRQHandler
00000484  w      .text	00000000 handle_reset
00000400  w      .text	00000000 CAN1_SCE_IRQHandler
00000230 g     F .text	0000000c .hidden __riscv_save_0
000003dc  w      .text	00000000 FLASH_IRQHandler
0000041e  w      .text	00000000 USART1_IRQHandler
20001180 g     O .data	00000200 jin
0000045a  w      .text	00000000 OTG_FS_IRQHandler
0000043a  w      .text	00000000 SPI3_IRQHandler
00000414  w      .text	00000000 I2C1_ER_IRQHandler
00000254 g     F .text	0000000c .hidden __riscv_restore_1
00000428  w      .text	00000000 USBWakeUp_IRQHandler
00000448  w      .text	00000000 DMA2_Channel3_IRQHandler



Disassembly of section .init:

00000000 <_sinit>:
   0:	4840006f          	j	484 <handle_reset>
   4:	00000013          	nop
   8:	00000013          	nop
   c:	00000013          	nop
  10:	00000013          	nop
  14:	00000013          	nop
  18:	00000013          	nop
  1c:	00000013          	nop
  20:	00000013          	nop
  24:	00000013          	nop
  28:	00000013          	nop
  2c:	00000013          	nop
  30:	00000013          	nop
  34:	00100073          	ebreak

Disassembly of section .vector:

00000038 <_vector_base>:
	...
  40:	0260                	addi	s0,sp,268
  42:	0000                	unimp
  44:	0264                	addi	s1,sp,268
  46:	0000                	unimp
  48:	0000                	unimp
  4a:	0000                	unimp
  4c:	03ca                	slli	t2,t2,0x12
	...
  56:	0000                	unimp
  58:	03cc                	addi	a1,sp,452
  5a:	0000                	unimp
  5c:	03ce                	slli	t2,t2,0x13
	...
  66:	0000                	unimp
  68:	03d0                	addi	a2,sp,452
  6a:	0000                	unimp
  6c:	0000                	unimp
  6e:	0000                	unimp
  70:	03d2                	slli	t2,t2,0x14
  72:	0000                	unimp
  74:	0000                	unimp
  76:	0000                	unimp
  78:	03d4                	addi	a3,sp,452
  7a:	0000                	unimp
  7c:	03d6                	slli	t2,t2,0x15
  7e:	0000                	unimp
  80:	03d8                	addi	a4,sp,452
  82:	0000                	unimp
  84:	03da                	slli	t2,t2,0x16
  86:	0000                	unimp
  88:	03dc                	addi	a5,sp,452
  8a:	0000                	unimp
  8c:	03de                	slli	t2,t2,0x17
  8e:	0000                	unimp
  90:	0a08                	addi	a0,sp,272
  92:	0000                	unimp
  94:	03e2                	slli	t2,t2,0x18
  96:	0000                	unimp
  98:	03e4                	addi	s1,sp,460
  9a:	0000                	unimp
  9c:	03e6                	slli	t2,t2,0x19
  9e:	0000                	unimp
  a0:	03e8                	addi	a0,sp,460
  a2:	0000                	unimp
  a4:	03ea                	slli	t2,t2,0x1a
  a6:	0000                	unimp
  a8:	03ec                	addi	a1,sp,460
  aa:	0000                	unimp
  ac:	03ee                	slli	t2,t2,0x1b
  ae:	0000                	unimp
  b0:	03f0                	addi	a2,sp,460
  b2:	0000                	unimp
  b4:	03f2                	slli	t2,t2,0x1c
  b6:	0000                	unimp
  b8:	03f4                	addi	a3,sp,460
  ba:	0000                	unimp
  bc:	03f6                	slli	t2,t2,0x1d
  be:	0000                	unimp
  c0:	03f8                	addi	a4,sp,460
  c2:	0000                	unimp
  c4:	03fa                	slli	t2,t2,0x1e
  c6:	0000                	unimp
  c8:	03fc                	addi	a5,sp,460
  ca:	0000                	unimp
  cc:	03fe                	slli	t2,t2,0x1f
  ce:	0000                	unimp
  d0:	0400                	addi	s0,sp,512
  d2:	0000                	unimp
  d4:	0402                	c.slli64	s0
  d6:	0000                	unimp
  d8:	0404                	addi	s1,sp,512
  da:	0000                	unimp
  dc:	0406                	slli	s0,s0,0x1
  de:	0000                	unimp
  e0:	0408                	addi	a0,sp,512
  e2:	0000                	unimp
  e4:	040a                	slli	s0,s0,0x2
  e6:	0000                	unimp
  e8:	040c                	addi	a1,sp,512
  ea:	0000                	unimp
  ec:	040e                	slli	s0,s0,0x3
  ee:	0000                	unimp
  f0:	0410                	addi	a2,sp,512
  f2:	0000                	unimp
  f4:	0412                	slli	s0,s0,0x4
  f6:	0000                	unimp
  f8:	0414                	addi	a3,sp,512
  fa:	0000                	unimp
  fc:	0416                	slli	s0,s0,0x5
  fe:	0000                	unimp
 100:	0418                	addi	a4,sp,512
 102:	0000                	unimp
 104:	041a                	slli	s0,s0,0x6
 106:	0000                	unimp
 108:	041c                	addi	a5,sp,512
 10a:	0000                	unimp
 10c:	041e                	slli	s0,s0,0x7
 10e:	0000                	unimp
 110:	0420                	addi	s0,sp,520
 112:	0000                	unimp
 114:	0422                	slli	s0,s0,0x8
 116:	0000                	unimp
 118:	0424                	addi	s1,sp,520
 11a:	0000                	unimp
 11c:	0426                	slli	s0,s0,0x9
 11e:	0000                	unimp
 120:	0428                	addi	a0,sp,520
 122:	0000                	unimp
 124:	042a                	slli	s0,s0,0xa
 126:	0000                	unimp
 128:	042c                	addi	a1,sp,520
 12a:	0000                	unimp
 12c:	042e                	slli	s0,s0,0xb
 12e:	0000                	unimp
 130:	0430                	addi	a2,sp,520
 132:	0000                	unimp
 134:	0432                	slli	s0,s0,0xc
 136:	0000                	unimp
 138:	0434                	addi	a3,sp,520
 13a:	0000                	unimp
 13c:	0436                	slli	s0,s0,0xd
 13e:	0000                	unimp
 140:	0438                	addi	a4,sp,520
 142:	0000                	unimp
 144:	043a                	slli	s0,s0,0xe
 146:	0000                	unimp
 148:	043c                	addi	a5,sp,520
 14a:	0000                	unimp
 14c:	043e                	slli	s0,s0,0xf
 14e:	0000                	unimp
 150:	0a34                	addi	a3,sp,280
 152:	0000                	unimp
 154:	0442                	slli	s0,s0,0x10
 156:	0000                	unimp
 158:	0444                	addi	s1,sp,516
 15a:	0000                	unimp
 15c:	0446                	slli	s0,s0,0x11
 15e:	0000                	unimp
 160:	0448                	addi	a0,sp,516
 162:	0000                	unimp
 164:	044a                	slli	s0,s0,0x12
 166:	0000                	unimp
 168:	044c                	addi	a1,sp,516
 16a:	0000                	unimp
 16c:	044e                	slli	s0,s0,0x13
 16e:	0000                	unimp
 170:	0450                	addi	a2,sp,516
 172:	0000                	unimp
 174:	0452                	slli	s0,s0,0x14
 176:	0000                	unimp
 178:	0454                	addi	a3,sp,516
 17a:	0000                	unimp
 17c:	0456                	slli	s0,s0,0x15
 17e:	0000                	unimp
 180:	0458                	addi	a4,sp,516
 182:	0000                	unimp
 184:	045a                	slli	s0,s0,0x16
 186:	0000                	unimp
 188:	045c                	addi	a5,sp,516
 18a:	0000                	unimp
 18c:	045e                	slli	s0,s0,0x17
 18e:	0000                	unimp
 190:	0460                	addi	s0,sp,524
 192:	0000                	unimp
 194:	0462                	slli	s0,s0,0x18
 196:	0000                	unimp
 198:	0464                	addi	s1,sp,524
 19a:	0000                	unimp
 19c:	0466                	slli	s0,s0,0x19
 19e:	0000                	unimp
 1a0:	0468                	addi	a0,sp,524
 1a2:	0000                	unimp
 1a4:	046a                	slli	s0,s0,0x1a
 1a6:	0000                	unimp
 1a8:	046c                	addi	a1,sp,524
 1aa:	0000                	unimp
 1ac:	046e                	slli	s0,s0,0x1b
 1ae:	0000                	unimp
 1b0:	0470                	addi	a2,sp,524
 1b2:	0000                	unimp
 1b4:	0472                	slli	s0,s0,0x1c
 1b6:	0000                	unimp
 1b8:	0474                	addi	a3,sp,524
 1ba:	0000                	unimp
 1bc:	0476                	slli	s0,s0,0x1d
 1be:	0000                	unimp
 1c0:	0478                	addi	a4,sp,524
 1c2:	0000                	unimp
 1c4:	047a                	slli	s0,s0,0x1e
 1c6:	0000                	unimp
 1c8:	047c                	addi	a5,sp,524
 1ca:	0000                	unimp
 1cc:	047e                	slli	s0,s0,0x1f
 1ce:	0000                	unimp
 1d0:	0480                	addi	s0,sp,576
 1d2:	0000                	unimp
 1d4:	0482                	c.slli64	s1
	...

Disassembly of section .text:

00000200 <__riscv_save_12>:
 200:	7139                	addi	sp,sp,-64
 202:	4301                	li	t1,0
 204:	c66e                	sw	s11,12(sp)
 206:	a019                	j	20c <__riscv_save_10+0x4>

00000208 <__riscv_save_10>:
 208:	7139                	addi	sp,sp,-64
 20a:	5341                	li	t1,-16
 20c:	c86a                	sw	s10,16(sp)
 20e:	ca66                	sw	s9,20(sp)
 210:	cc62                	sw	s8,24(sp)
 212:	ce5e                	sw	s7,28(sp)
 214:	a019                	j	21a <__riscv_save_4+0x4>

00000216 <__riscv_save_4>:
 216:	7139                	addi	sp,sp,-64
 218:	5301                	li	t1,-32
 21a:	d05a                	sw	s6,32(sp)
 21c:	d256                	sw	s5,36(sp)
 21e:	d452                	sw	s4,40(sp)
 220:	d64e                	sw	s3,44(sp)
 222:	d84a                	sw	s2,48(sp)
 224:	da26                	sw	s1,52(sp)
 226:	dc22                	sw	s0,56(sp)
 228:	de06                	sw	ra,60(sp)
 22a:	40610133          	sub	sp,sp,t1
 22e:	8282                	jr	t0

00000230 <__riscv_save_0>:
 230:	1141                	addi	sp,sp,-16
 232:	c04a                	sw	s2,0(sp)
 234:	c226                	sw	s1,4(sp)
 236:	c422                	sw	s0,8(sp)
 238:	c606                	sw	ra,12(sp)
 23a:	8282                	jr	t0

0000023c <__riscv_restore_12>:
 23c:	4db2                	lw	s11,12(sp)
 23e:	0141                	addi	sp,sp,16

00000240 <__riscv_restore_10>:
 240:	4d02                	lw	s10,0(sp)
 242:	4c92                	lw	s9,4(sp)
 244:	4c22                	lw	s8,8(sp)
 246:	4bb2                	lw	s7,12(sp)
 248:	0141                	addi	sp,sp,16

0000024a <__riscv_restore_4>:
 24a:	4b02                	lw	s6,0(sp)
 24c:	4a92                	lw	s5,4(sp)
 24e:	4a22                	lw	s4,8(sp)
 250:	49b2                	lw	s3,12(sp)
 252:	0141                	addi	sp,sp,16

00000254 <__riscv_restore_0>:
 254:	4902                	lw	s2,0(sp)
 256:	4492                	lw	s1,4(sp)
 258:	4422                	lw	s0,8(sp)
 25a:	40b2                	lw	ra,12(sp)
 25c:	0141                	addi	sp,sp,16
 25e:	8082                	ret

00000260 <NMI_Handler>:
 260:	30200073          	mret

00000264 <HardFault_Handler>:
 264:	a001                	j	264 <HardFault_Handler>

00000266 <main>:
 266:	fb1ff2ef          	jal	t0,216 <__riscv_save_4>
 26a:	2535                	jal	896 <lcd_init>
 26c:	6541                	lui	a0,0x10
 26e:	80050513          	addi	a0,a0,-2048 # f800 <_data_lma+0xed68>
 272:	230d                	jal	794 <lcd_clear>
 274:	20001b37          	lui	s6,0x20001
 278:	20001ab7          	lui	s5,0x20001
 27c:	20001a37          	lui	s4,0x20001
 280:	200009b7          	lui	s3,0x20000
 284:	20001937          	lui	s2,0x20001
 288:	200004b7          	lui	s1,0x20000
 28c:	20001437          	lui	s0,0x20001
 290:	580b0613          	addi	a2,s6,1408 # 20001580 <ye>
 294:	4785                	li	a5,1
 296:	4705                	li	a4,1
 298:	04000693          	li	a3,64
 29c:	4581                	li	a1,0
 29e:	4501                	li	a0,0
 2a0:	2b91                	jal	7f4 <lcd_show_chinese>
 2a2:	f80a8613          	addi	a2,s5,-128 # 20000f80 <huo>
 2a6:	4785                	li	a5,1
 2a8:	4705                	li	a4,1
 2aa:	04000693          	li	a3,64
 2ae:	4585                	li	a1,1
 2b0:	4501                	li	a0,0
 2b2:	2389                	jal	7f4 <lcd_show_chinese>
 2b4:	380a0613          	addi	a2,s4,896 # 20001380 <shao>
 2b8:	4785                	li	a5,1
 2ba:	4705                	li	a4,1
 2bc:	04000693          	li	a3,64
 2c0:	4589                	li	a1,2
 2c2:	4501                	li	a0,0
 2c4:	2b05                	jal	7f4 <lcd_show_chinese>
 2c6:	00098613          	mv	a2,s3
 2ca:	4785                	li	a5,1
 2cc:	4705                	li	a4,1
 2ce:	04000693          	li	a3,64
 2d2:	458d                	li	a1,3
 2d4:	4501                	li	a0,0
 2d6:	2b39                	jal	7f4 <lcd_show_chinese>
 2d8:	18090613          	addi	a2,s2,384 # 20001180 <jin>
 2dc:	4785                	li	a5,1
 2de:	4705                	li	a4,1
 2e0:	04000693          	li	a3,64
 2e4:	4591                	li	a1,4
 2e6:	4501                	li	a0,0
 2e8:	2331                	jal	7f4 <lcd_show_chinese>
 2ea:	20048613          	addi	a2,s1,512 # 20000200 <chunfeng>
 2ee:	4785                	li	a5,1
 2f0:	4715                	li	a4,5
 2f2:	14000693          	li	a3,320
 2f6:	4581                	li	a1,0
 2f8:	04000513          	li	a0,64
 2fc:	29e5                	jal	7f4 <lcd_show_chinese>
 2fe:	4785                	li	a5,1
 300:	471d                	li	a4,7
 302:	0e000693          	li	a3,224
 306:	c0040613          	addi	a2,s0,-1024 # 20000c00 <dao>
 30a:	4581                	li	a1,0
 30c:	08000513          	li	a0,128
 310:	21d5                	jal	7f4 <lcd_show_chinese>
 312:	bfbd                	j	290 <main+0x2a>

00000314 <SystemInit>:
 314:	400217b7          	lui	a5,0x40021
 318:	4398                	lw	a4,0(a5)
 31a:	f8ff06b7          	lui	a3,0xf8ff0
 31e:	00176713          	ori	a4,a4,1
 322:	c398                	sw	a4,0(a5)
 324:	43d8                	lw	a4,4(a5)
 326:	8f75                	and	a4,a4,a3
 328:	c3d8                	sw	a4,4(a5)
 32a:	4398                	lw	a4,0(a5)
 32c:	fef706b7          	lui	a3,0xfef70
 330:	16fd                	addi	a3,a3,-1
 332:	8f75                	and	a4,a4,a3
 334:	c398                	sw	a4,0(a5)
 336:	4398                	lw	a4,0(a5)
 338:	fffc06b7          	lui	a3,0xfffc0
 33c:	16fd                	addi	a3,a3,-1
 33e:	8f75                	and	a4,a4,a3
 340:	c398                	sw	a4,0(a5)
 342:	43d8                	lw	a4,4(a5)
 344:	ff8106b7          	lui	a3,0xff810
 348:	16fd                	addi	a3,a3,-1
 34a:	8f75                	and	a4,a4,a3
 34c:	c3d8                	sw	a4,4(a5)
 34e:	4398                	lw	a4,0(a5)
 350:	ec0006b7          	lui	a3,0xec000
 354:	16fd                	addi	a3,a3,-1
 356:	8f75                	and	a4,a4,a3
 358:	c398                	sw	a4,0(a5)
 35a:	00ff0737          	lui	a4,0xff0
 35e:	c798                	sw	a4,8(a5)
 360:	0207a623          	sw	zero,44(a5) # 4002102c <_eusrstack+0x2001902c>
 364:	400246b7          	lui	a3,0x40024
 368:	8006a703          	lw	a4,-2048(a3) # 40023800 <_eusrstack+0x2001b800>
 36c:	01076713          	ori	a4,a4,16
 370:	80e6a023          	sw	a4,-2048(a3)
 374:	43d8                	lw	a4,4(a5)
 376:	ffc106b7          	lui	a3,0xffc10
 37a:	16fd                	addi	a3,a3,-1
 37c:	c3d8                	sw	a4,4(a5)
 37e:	43d8                	lw	a4,4(a5)
 380:	c3d8                	sw	a4,4(a5)
 382:	43d8                	lw	a4,4(a5)
 384:	40076713          	ori	a4,a4,1024
 388:	c3d8                	sw	a4,4(a5)
 38a:	43d8                	lw	a4,4(a5)
 38c:	8f75                	and	a4,a4,a3
 38e:	c3d8                	sw	a4,4(a5)
 390:	43d8                	lw	a4,4(a5)
 392:	010006b7          	lui	a3,0x1000
 396:	c3d8                	sw	a4,4(a5)
 398:	4398                	lw	a4,0(a5)
 39a:	8f55                	or	a4,a4,a3
 39c:	c398                	sw	a4,0(a5)
 39e:	4398                	lw	a4,0(a5)
 3a0:	00671693          	slli	a3,a4,0x6
 3a4:	fe06dde3          	bgez	a3,39e <SystemInit+0x8a>
 3a8:	43d8                	lw	a4,4(a5)
 3aa:	400216b7          	lui	a3,0x40021
 3ae:	9b71                	andi	a4,a4,-4
 3b0:	c3d8                	sw	a4,4(a5)
 3b2:	43d8                	lw	a4,4(a5)
 3b4:	00276713          	ori	a4,a4,2
 3b8:	c3d8                	sw	a4,4(a5)
 3ba:	4721                	li	a4,8
 3bc:	42dc                	lw	a5,4(a3)
 3be:	8bb1                	andi	a5,a5,12
 3c0:	fee79ee3          	bne	a5,a4,3bc <SystemInit+0xa8>
 3c4:	8082                	ret
 3c6:	a001                	j	3c6 <SystemInit+0xb2>
 3c8:	a001                	j	3c8 <SystemInit+0xb4>

000003ca <Ecall_M_Mode_Handler>:
 3ca:	a001                	j	3ca <Ecall_M_Mode_Handler>

000003cc <Ecall_U_Mode_Handler>:
 3cc:	a001                	j	3cc <Ecall_U_Mode_Handler>

000003ce <Break_Point_Handler>:
 3ce:	a001                	j	3ce <Break_Point_Handler>

000003d0 <SysTick_Handler>:
 3d0:	a001                	j	3d0 <SysTick_Handler>

000003d2 <SW_Handler>:
 3d2:	a001                	j	3d2 <SW_Handler>

000003d4 <WWDG_IRQHandler>:
 3d4:	a001                	j	3d4 <WWDG_IRQHandler>

000003d6 <PVD_IRQHandler>:
 3d6:	a001                	j	3d6 <PVD_IRQHandler>

000003d8 <TAMPER_IRQHandler>:
 3d8:	a001                	j	3d8 <TAMPER_IRQHandler>

000003da <RTC_IRQHandler>:
 3da:	a001                	j	3da <RTC_IRQHandler>

000003dc <FLASH_IRQHandler>:
 3dc:	a001                	j	3dc <FLASH_IRQHandler>

000003de <RCC_IRQHandler>:
 3de:	a001                	j	3de <RCC_IRQHandler>
 3e0:	a001                	j	3e0 <RCC_IRQHandler+0x2>

000003e2 <EXTI1_IRQHandler>:
 3e2:	a001                	j	3e2 <EXTI1_IRQHandler>

000003e4 <EXTI2_IRQHandler>:
 3e4:	a001                	j	3e4 <EXTI2_IRQHandler>

000003e6 <EXTI3_IRQHandler>:
 3e6:	a001                	j	3e6 <EXTI3_IRQHandler>

000003e8 <EXTI4_IRQHandler>:
 3e8:	a001                	j	3e8 <EXTI4_IRQHandler>

000003ea <DMA1_Channel1_IRQHandler>:
 3ea:	a001                	j	3ea <DMA1_Channel1_IRQHandler>

000003ec <DMA1_Channel2_IRQHandler>:
 3ec:	a001                	j	3ec <DMA1_Channel2_IRQHandler>

000003ee <DMA1_Channel3_IRQHandler>:
 3ee:	a001                	j	3ee <DMA1_Channel3_IRQHandler>

000003f0 <DMA1_Channel4_IRQHandler>:
 3f0:	a001                	j	3f0 <DMA1_Channel4_IRQHandler>

000003f2 <DMA1_Channel5_IRQHandler>:
 3f2:	a001                	j	3f2 <DMA1_Channel5_IRQHandler>

000003f4 <DMA1_Channel6_IRQHandler>:
 3f4:	a001                	j	3f4 <DMA1_Channel6_IRQHandler>

000003f6 <DMA1_Channel7_IRQHandler>:
 3f6:	a001                	j	3f6 <DMA1_Channel7_IRQHandler>

000003f8 <ADC1_2_IRQHandler>:
 3f8:	a001                	j	3f8 <ADC1_2_IRQHandler>

000003fa <USB_HP_CAN1_TX_IRQHandler>:
 3fa:	a001                	j	3fa <USB_HP_CAN1_TX_IRQHandler>

000003fc <USB_LP_CAN1_RX0_IRQHandler>:
 3fc:	a001                	j	3fc <USB_LP_CAN1_RX0_IRQHandler>

000003fe <CAN1_RX1_IRQHandler>:
 3fe:	a001                	j	3fe <CAN1_RX1_IRQHandler>

00000400 <CAN1_SCE_IRQHandler>:
 400:	a001                	j	400 <CAN1_SCE_IRQHandler>

00000402 <EXTI9_5_IRQHandler>:
 402:	a001                	j	402 <EXTI9_5_IRQHandler>

00000404 <TIM1_BRK_IRQHandler>:
 404:	a001                	j	404 <TIM1_BRK_IRQHandler>

00000406 <TIM1_UP_IRQHandler>:
 406:	a001                	j	406 <TIM1_UP_IRQHandler>

00000408 <TIM1_TRG_COM_IRQHandler>:
 408:	a001                	j	408 <TIM1_TRG_COM_IRQHandler>

0000040a <TIM1_CC_IRQHandler>:
 40a:	a001                	j	40a <TIM1_CC_IRQHandler>

0000040c <TIM2_IRQHandler>:
 40c:	a001                	j	40c <TIM2_IRQHandler>

0000040e <TIM3_IRQHandler>:
 40e:	a001                	j	40e <TIM3_IRQHandler>

00000410 <TIM4_IRQHandler>:
 410:	a001                	j	410 <TIM4_IRQHandler>

00000412 <I2C1_EV_IRQHandler>:
 412:	a001                	j	412 <I2C1_EV_IRQHandler>

00000414 <I2C1_ER_IRQHandler>:
 414:	a001                	j	414 <I2C1_ER_IRQHandler>

00000416 <I2C2_EV_IRQHandler>:
 416:	a001                	j	416 <I2C2_EV_IRQHandler>

00000418 <I2C2_ER_IRQHandler>:
 418:	a001                	j	418 <I2C2_ER_IRQHandler>

0000041a <SPI1_IRQHandler>:
 41a:	a001                	j	41a <SPI1_IRQHandler>

0000041c <SPI2_IRQHandler>:
 41c:	a001                	j	41c <SPI2_IRQHandler>

0000041e <USART1_IRQHandler>:
 41e:	a001                	j	41e <USART1_IRQHandler>

00000420 <USART2_IRQHandler>:
 420:	a001                	j	420 <USART2_IRQHandler>

00000422 <USART3_IRQHandler>:
 422:	a001                	j	422 <USART3_IRQHandler>

00000424 <EXTI15_10_IRQHandler>:
 424:	a001                	j	424 <EXTI15_10_IRQHandler>

00000426 <RTCAlarm_IRQHandler>:
 426:	a001                	j	426 <RTCAlarm_IRQHandler>

00000428 <USBWakeUp_IRQHandler>:
 428:	a001                	j	428 <USBWakeUp_IRQHandler>

0000042a <TIM8_BRK_IRQHandler>:
 42a:	a001                	j	42a <TIM8_BRK_IRQHandler>

0000042c <TIM8_UP_IRQHandler>:
 42c:	a001                	j	42c <TIM8_UP_IRQHandler>

0000042e <TIM8_TRG_COM_IRQHandler>:
 42e:	a001                	j	42e <TIM8_TRG_COM_IRQHandler>

00000430 <TIM8_CC_IRQHandler>:
 430:	a001                	j	430 <TIM8_CC_IRQHandler>

00000432 <RNG_IRQHandler>:
 432:	a001                	j	432 <RNG_IRQHandler>

00000434 <FSMC_IRQHandler>:
 434:	a001                	j	434 <FSMC_IRQHandler>

00000436 <SDIO_IRQHandler>:
 436:	a001                	j	436 <SDIO_IRQHandler>

00000438 <TIM5_IRQHandler>:
 438:	a001                	j	438 <TIM5_IRQHandler>

0000043a <SPI3_IRQHandler>:
 43a:	a001                	j	43a <SPI3_IRQHandler>

0000043c <UART4_IRQHandler>:
 43c:	a001                	j	43c <UART4_IRQHandler>

0000043e <UART5_IRQHandler>:
 43e:	a001                	j	43e <UART5_IRQHandler>
 440:	a001                	j	440 <UART5_IRQHandler+0x2>

00000442 <TIM7_IRQHandler>:
 442:	a001                	j	442 <TIM7_IRQHandler>

00000444 <DMA2_Channel1_IRQHandler>:
 444:	a001                	j	444 <DMA2_Channel1_IRQHandler>

00000446 <DMA2_Channel2_IRQHandler>:
 446:	a001                	j	446 <DMA2_Channel2_IRQHandler>

00000448 <DMA2_Channel3_IRQHandler>:
 448:	a001                	j	448 <DMA2_Channel3_IRQHandler>

0000044a <DMA2_Channel4_IRQHandler>:
 44a:	a001                	j	44a <DMA2_Channel4_IRQHandler>

0000044c <DMA2_Channel5_IRQHandler>:
 44c:	a001                	j	44c <DMA2_Channel5_IRQHandler>

0000044e <ETH_IRQHandler>:
 44e:	a001                	j	44e <ETH_IRQHandler>

00000450 <ETH_WKUP_IRQHandler>:
 450:	a001                	j	450 <ETH_WKUP_IRQHandler>

00000452 <CAN2_TX_IRQHandler>:
 452:	a001                	j	452 <CAN2_TX_IRQHandler>

00000454 <CAN2_RX0_IRQHandler>:
 454:	a001                	j	454 <CAN2_RX0_IRQHandler>

00000456 <CAN2_RX1_IRQHandler>:
 456:	a001                	j	456 <CAN2_RX1_IRQHandler>

00000458 <CAN2_SCE_IRQHandler>:
 458:	a001                	j	458 <CAN2_SCE_IRQHandler>

0000045a <OTG_FS_IRQHandler>:
 45a:	a001                	j	45a <OTG_FS_IRQHandler>

0000045c <USBHSWakeup_IRQHandler>:
 45c:	a001                	j	45c <USBHSWakeup_IRQHandler>

0000045e <USBHS_IRQHandler>:
 45e:	a001                	j	45e <USBHS_IRQHandler>

00000460 <DVP_IRQHandler>:
 460:	a001                	j	460 <DVP_IRQHandler>

00000462 <UART6_IRQHandler>:
 462:	a001                	j	462 <UART6_IRQHandler>

00000464 <UART7_IRQHandler>:
 464:	a001                	j	464 <UART7_IRQHandler>

00000466 <UART8_IRQHandler>:
 466:	a001                	j	466 <UART8_IRQHandler>

00000468 <TIM9_BRK_IRQHandler>:
 468:	a001                	j	468 <TIM9_BRK_IRQHandler>

0000046a <TIM9_UP_IRQHandler>:
 46a:	a001                	j	46a <TIM9_UP_IRQHandler>

0000046c <TIM9_TRG_COM_IRQHandler>:
 46c:	a001                	j	46c <TIM9_TRG_COM_IRQHandler>

0000046e <TIM9_CC_IRQHandler>:
 46e:	a001                	j	46e <TIM9_CC_IRQHandler>

00000470 <TIM10_BRK_IRQHandler>:
 470:	a001                	j	470 <TIM10_BRK_IRQHandler>

00000472 <TIM10_UP_IRQHandler>:
 472:	a001                	j	472 <TIM10_UP_IRQHandler>

00000474 <TIM10_TRG_COM_IRQHandler>:
 474:	a001                	j	474 <TIM10_TRG_COM_IRQHandler>

00000476 <TIM10_CC_IRQHandler>:
 476:	a001                	j	476 <TIM10_CC_IRQHandler>

00000478 <DMA2_Channel6_IRQHandler>:
 478:	a001                	j	478 <DMA2_Channel6_IRQHandler>

0000047a <DMA2_Channel7_IRQHandler>:
 47a:	a001                	j	47a <DMA2_Channel7_IRQHandler>

0000047c <DMA2_Channel8_IRQHandler>:
 47c:	a001                	j	47c <DMA2_Channel8_IRQHandler>

0000047e <DMA2_Channel9_IRQHandler>:
 47e:	a001                	j	47e <DMA2_Channel9_IRQHandler>

00000480 <DMA2_Channel10_IRQHandler>:
 480:	a001                	j	480 <DMA2_Channel10_IRQHandler>

00000482 <DMA2_Channel11_IRQHandler>:
 482:	a001                	j	482 <DMA2_Channel11_IRQHandler>

00000484 <handle_reset>:
 484:	20002197          	auipc	gp,0x20002
 488:	afc18193          	addi	gp,gp,-1284 # 20001f80 <__global_pointer$>
 48c:	20008117          	auipc	sp,0x20008
 490:	b7410113          	addi	sp,sp,-1164 # 20008000 <_eusrstack>
 494:	00000517          	auipc	a0,0x0
 498:	60450513          	addi	a0,a0,1540 # a98 <_data_lma>
 49c:	20000597          	auipc	a1,0x20000
 4a0:	b6458593          	addi	a1,a1,-1180 # 20000000 <_data_vma>
 4a4:	80818613          	addi	a2,gp,-2040 # 20001788 <_edata>
 4a8:	00c5fa63          	bgeu	a1,a2,4bc <handle_reset+0x38>
 4ac:	00052283          	lw	t0,0(a0)
 4b0:	0055a023          	sw	t0,0(a1)
 4b4:	0511                	addi	a0,a0,4
 4b6:	0591                	addi	a1,a1,4
 4b8:	fec5eae3          	bltu	a1,a2,4ac <handle_reset+0x28>
 4bc:	80818513          	addi	a0,gp,-2040 # 20001788 <_edata>
 4c0:	81018593          	addi	a1,gp,-2032 # 20001790 <_ebss>
 4c4:	00b57763          	bgeu	a0,a1,4d2 <handle_reset+0x4e>
 4c8:	00052023          	sw	zero,0(a0)
 4cc:	0511                	addi	a0,a0,4
 4ce:	feb56de3          	bltu	a0,a1,4c8 <handle_reset+0x44>
 4d2:	42fd                	li	t0,31
 4d4:	bc029073          	csrw	0xbc0,t0
 4d8:	42ad                	li	t0,11
 4da:	80429073          	csrw	0x804,t0
 4de:	000062b7          	lui	t0,0x6
 4e2:	08828293          	addi	t0,t0,136 # 6088 <_data_lma+0x55f0>
 4e6:	3002a073          	csrs	mstatus,t0
 4ea:	00000297          	auipc	t0,0x0
 4ee:	b4e28293          	addi	t0,t0,-1202 # 38 <_einit>
 4f2:	0032e293          	ori	t0,t0,3
 4f6:	30529073          	csrw	mtvec,t0
 4fa:	e1bff0ef          	jal	ra,314 <SystemInit>
 4fe:	00000297          	auipc	t0,0x0
 502:	d6828293          	addi	t0,t0,-664 # 266 <main>
 506:	34129073          	csrw	mepc,t0
 50a:	30200073          	mret

0000050e <EXTI_ClearFlag>:
 50e:	400107b7          	lui	a5,0x40010
 512:	40a7aa23          	sw	a0,1044(a5) # 40010414 <_eusrstack+0x20008414>
 516:	8082                	ret

00000518 <GPIO_Init>:
 518:	459c                	lw	a5,8(a1)
 51a:	0107f713          	andi	a4,a5,16
 51e:	00f7f813          	andi	a6,a5,15
 522:	c701                	beqz	a4,52a <GPIO_Init+0x12>
 524:	41d8                	lw	a4,4(a1)
 526:	00e86833          	or	a6,a6,a4
 52a:	218e                	lhu	a1,0(a1)
 52c:	0ff5f713          	andi	a4,a1,255
 530:	c339                	beqz	a4,576 <GPIO_Init+0x5e>
 532:	4118                	lw	a4,0(a0)
 534:	4681                	li	a3,0
 536:	4e85                	li	t4,1
 538:	4f3d                	li	t5,15
 53a:	02800f93          	li	t6,40
 53e:	04800293          	li	t0,72
 542:	4e21                	li	t3,8
 544:	00de9633          	sll	a2,t4,a3
 548:	00c5f8b3          	and	a7,a1,a2
 54c:	03161163          	bne	a2,a7,56e <GPIO_Init+0x56>
 550:	00269893          	slli	a7,a3,0x2
 554:	011f1333          	sll	t1,t5,a7
 558:	fff34313          	not	t1,t1
 55c:	00e37733          	and	a4,t1,a4
 560:	011818b3          	sll	a7,a6,a7
 564:	00e8e733          	or	a4,a7,a4
 568:	05f79f63          	bne	a5,t6,5c6 <GPIO_Init+0xae>
 56c:	c950                	sw	a2,20(a0)
 56e:	0685                	addi	a3,a3,1
 570:	fdc69ae3          	bne	a3,t3,544 <GPIO_Init+0x2c>
 574:	c118                	sw	a4,0(a0)
 576:	0ff00713          	li	a4,255
 57a:	04b77563          	bgeu	a4,a1,5c4 <GPIO_Init+0xac>
 57e:	4154                	lw	a3,4(a0)
 580:	4621                	li	a2,8
 582:	4e85                	li	t4,1
 584:	4f3d                	li	t5,15
 586:	02800f93          	li	t6,40
 58a:	04800293          	li	t0,72
 58e:	4e41                	li	t3,16
 590:	00ce98b3          	sll	a7,t4,a2
 594:	0115f733          	and	a4,a1,a7
 598:	02e89263          	bne	a7,a4,5bc <GPIO_Init+0xa4>
 59c:	00261713          	slli	a4,a2,0x2
 5a0:	1701                	addi	a4,a4,-32
 5a2:	00ef1333          	sll	t1,t5,a4
 5a6:	fff34313          	not	t1,t1
 5aa:	00d376b3          	and	a3,t1,a3
 5ae:	00e81733          	sll	a4,a6,a4
 5b2:	8ed9                	or	a3,a3,a4
 5b4:	01f79d63          	bne	a5,t6,5ce <GPIO_Init+0xb6>
 5b8:	01152a23          	sw	a7,20(a0)
 5bc:	0605                	addi	a2,a2,1
 5be:	fdc619e3          	bne	a2,t3,590 <GPIO_Init+0x78>
 5c2:	c154                	sw	a3,4(a0)
 5c4:	8082                	ret
 5c6:	fa5794e3          	bne	a5,t0,56e <GPIO_Init+0x56>
 5ca:	c910                	sw	a2,16(a0)
 5cc:	b74d                	j	56e <GPIO_Init+0x56>
 5ce:	fe5797e3          	bne	a5,t0,5bc <GPIO_Init+0xa4>
 5d2:	01152823          	sw	a7,16(a0)
 5d6:	b7dd                	j	5bc <GPIO_Init+0xa4>

000005d8 <GPIO_WriteBit>:
 5d8:	c219                	beqz	a2,5de <GPIO_WriteBit+0x6>
 5da:	c90c                	sw	a1,16(a0)
 5dc:	8082                	ret
 5de:	c94c                	sw	a1,20(a0)
 5e0:	8082                	ret

000005e2 <RCC_APB2PeriphClockCmd>:
 5e2:	c599                	beqz	a1,5f0 <RCC_APB2PeriphClockCmd+0xe>
 5e4:	40021737          	lui	a4,0x40021
 5e8:	4f1c                	lw	a5,24(a4)
 5ea:	8d5d                	or	a0,a0,a5
 5ec:	cf08                	sw	a0,24(a4)
 5ee:	8082                	ret
 5f0:	400217b7          	lui	a5,0x40021
 5f4:	4f98                	lw	a4,24(a5)
 5f6:	fff54513          	not	a0,a0
 5fa:	8d79                	and	a0,a0,a4
 5fc:	cf88                	sw	a0,24(a5)
 5fe:	8082                	ret

00000600 <TIM_ClearFlag>:
 600:	fff5c593          	not	a1,a1
 604:	05c2                	slli	a1,a1,0x10
 606:	81c1                	srli	a1,a1,0x10
 608:	a90e                	sh	a1,16(a0)
 60a:	8082                	ret

0000060c <ST7789_GPIO_init>:
 60c:	c25ff2ef          	jal	t0,230 <__riscv_save_0>
 610:	1141                	addi	sp,sp,-16
 612:	4585                	li	a1,1
 614:	04000513          	li	a0,64
 618:	c202                	sw	zero,4(sp)
 61a:	c402                	sw	zero,8(sp)
 61c:	c602                	sw	zero,12(sp)
 61e:	37d1                	jal	5e2 <RCC_APB2PeriphClockCmd>
 620:	77e1                	lui	a5,0xffff8
 622:	f807c793          	xori	a5,a5,-128
 626:	827c                	sh	a5,4(sp)
 628:	40012537          	lui	a0,0x40012
 62c:	47c1                	li	a5,16
 62e:	c63e                	sw	a5,12(sp)
 630:	004c                	addi	a1,sp,4
 632:	478d                	li	a5,3
 634:	80050513          	addi	a0,a0,-2048 # 40011800 <_eusrstack+0x20009800>
 638:	c43e                	sw	a5,8(sp)
 63a:	3df9                	jal	518 <GPIO_Init>
 63c:	0141                	addi	sp,sp,16
 63e:	b919                	j	254 <__riscv_restore_0>

00000640 <lcd_write_reg>:
 640:	bd7ff2ef          	jal	t0,216 <__riscv_save_4>
 644:	40012437          	lui	s0,0x40012
 648:	4601                	li	a2,0
 64a:	6591                	lui	a1,0x4
 64c:	84aa                	mv	s1,a0
 64e:	80040513          	addi	a0,s0,-2048 # 40011800 <_eusrstack+0x20009800>
 652:	3759                	jal	5d8 <GPIO_WriteBit>
 654:	6585                	lui	a1,0x1
 656:	80040513          	addi	a0,s0,-2048
 65a:	4601                	li	a2,0
 65c:	80058593          	addi	a1,a1,-2048 # 800 <__stack_size>
 660:	400129b7          	lui	s3,0x40012
 664:	3f95                	jal	5d8 <GPIO_WriteBit>
 666:	4421                	li	s0,8
 668:	80098913          	addi	s2,s3,-2048 # 40011800 <_eusrstack+0x20009800>
 66c:	4601                	li	a2,0
 66e:	20000593          	li	a1,512
 672:	854a                	mv	a0,s2
 674:	3795                	jal	5d8 <GPIO_WriteBit>
 676:	01849793          	slli	a5,s1,0x18
 67a:	87e1                	srai	a5,a5,0x18
 67c:	4605                	li	a2,1
 67e:	0007c363          	bltz	a5,684 <lcd_write_reg+0x44>
 682:	4601                	li	a2,0
 684:	40000593          	li	a1,1024
 688:	854a                	mv	a0,s2
 68a:	37b9                	jal	5d8 <GPIO_WriteBit>
 68c:	147d                	addi	s0,s0,-1
 68e:	4605                	li	a2,1
 690:	20000593          	li	a1,512
 694:	854a                	mv	a0,s2
 696:	0486                	slli	s1,s1,0x1
 698:	0ff47413          	andi	s0,s0,255
 69c:	3f35                	jal	5d8 <GPIO_WriteBit>
 69e:	0ff4f493          	andi	s1,s1,255
 6a2:	f469                	bnez	s0,66c <lcd_write_reg+0x2c>
 6a4:	4605                	li	a2,1
 6a6:	6591                	lui	a1,0x4
 6a8:	80098513          	addi	a0,s3,-2048
 6ac:	3735                	jal	5d8 <GPIO_WriteBit>
 6ae:	be71                	j	24a <__riscv_restore_4>

000006b0 <lcd_write_data>:
 6b0:	b67ff2ef          	jal	t0,216 <__riscv_save_4>
 6b4:	40012437          	lui	s0,0x40012
 6b8:	4601                	li	a2,0
 6ba:	6591                	lui	a1,0x4
 6bc:	84aa                	mv	s1,a0
 6be:	80040513          	addi	a0,s0,-2048 # 40011800 <_eusrstack+0x20009800>
 6c2:	3f19                	jal	5d8 <GPIO_WriteBit>
 6c4:	6585                	lui	a1,0x1
 6c6:	80040513          	addi	a0,s0,-2048
 6ca:	4605                	li	a2,1
 6cc:	80058593          	addi	a1,a1,-2048 # 800 <__stack_size>
 6d0:	400129b7          	lui	s3,0x40012
 6d4:	3711                	jal	5d8 <GPIO_WriteBit>
 6d6:	4421                	li	s0,8
 6d8:	80098913          	addi	s2,s3,-2048 # 40011800 <_eusrstack+0x20009800>
 6dc:	4601                	li	a2,0
 6de:	20000593          	li	a1,512
 6e2:	854a                	mv	a0,s2
 6e4:	3dd5                	jal	5d8 <GPIO_WriteBit>
 6e6:	01849793          	slli	a5,s1,0x18
 6ea:	87e1                	srai	a5,a5,0x18
 6ec:	4605                	li	a2,1
 6ee:	0007c363          	bltz	a5,6f4 <lcd_write_data+0x44>
 6f2:	4601                	li	a2,0
 6f4:	40000593          	li	a1,1024
 6f8:	854a                	mv	a0,s2
 6fa:	3df9                	jal	5d8 <GPIO_WriteBit>
 6fc:	147d                	addi	s0,s0,-1
 6fe:	4605                	li	a2,1
 700:	20000593          	li	a1,512
 704:	854a                	mv	a0,s2
 706:	0486                	slli	s1,s1,0x1
 708:	0ff47413          	andi	s0,s0,255
 70c:	35f1                	jal	5d8 <GPIO_WriteBit>
 70e:	0ff4f493          	andi	s1,s1,255
 712:	f469                	bnez	s0,6dc <lcd_write_data+0x2c>
 714:	4605                	li	a2,1
 716:	6591                	lui	a1,0x4
 718:	80098513          	addi	a0,s3,-2048
 71c:	3d75                	jal	5d8 <GPIO_WriteBit>
 71e:	b635                	j	24a <__riscv_restore_4>

00000720 <lcd_write_ram>:
 720:	b11ff2ef          	jal	t0,230 <__riscv_save_0>
 724:	02c00513          	li	a0,44
 728:	3f21                	jal	640 <lcd_write_reg>
 72a:	b62d                	j	254 <__riscv_restore_0>

0000072c <lcd_set_address>:
 72c:	aebff2ef          	jal	t0,216 <__riscv_save_4>
 730:	89aa                	mv	s3,a0
 732:	02a00513          	li	a0,42
 736:	8436                	mv	s0,a3
 738:	84ae                	mv	s1,a1
 73a:	8932                	mv	s2,a2
 73c:	3711                	jal	640 <lcd_write_reg>
 73e:	0089d513          	srli	a0,s3,0x8
 742:	37bd                	jal	6b0 <lcd_write_data>
 744:	0ff9f513          	andi	a0,s3,255
 748:	37a5                	jal	6b0 <lcd_write_data>
 74a:	00895513          	srli	a0,s2,0x8
 74e:	378d                	jal	6b0 <lcd_write_data>
 750:	0ff97513          	andi	a0,s2,255
 754:	3fb1                	jal	6b0 <lcd_write_data>
 756:	02b00513          	li	a0,43
 75a:	35dd                	jal	640 <lcd_write_reg>
 75c:	0084d513          	srli	a0,s1,0x8
 760:	3f81                	jal	6b0 <lcd_write_data>
 762:	0ff4f513          	andi	a0,s1,255
 766:	37a9                	jal	6b0 <lcd_write_data>
 768:	00845513          	srli	a0,s0,0x8
 76c:	3791                	jal	6b0 <lcd_write_data>
 76e:	0ff47513          	andi	a0,s0,255
 772:	3f3d                	jal	6b0 <lcd_write_data>
 774:	02c00513          	li	a0,44
 778:	35e1                	jal	640 <lcd_write_reg>
 77a:	bcc1                	j	24a <__riscv_restore_4>

0000077c <lcd_display_on>:
 77c:	ab5ff2ef          	jal	t0,230 <__riscv_save_0>
 780:	02900513          	li	a0,41
 784:	3d75                	jal	640 <lcd_write_reg>
 786:	b4f9                	j	254 <__riscv_restore_0>

00000788 <lcd_display_off>:
 788:	aa9ff2ef          	jal	t0,230 <__riscv_save_0>
 78c:	02800513          	li	a0,40
 790:	3d45                	jal	640 <lcd_write_reg>
 792:	b4c9                	j	254 <__riscv_restore_0>

00000794 <lcd_clear>:
 794:	a83ff2ef          	jal	t0,216 <__riscv_save_4>
 798:	892a                	mv	s2,a0
 79a:	37fd                	jal	788 <lcd_display_off>
 79c:	13f00693          	li	a3,319
 7a0:	0ef00613          	li	a2,239
 7a4:	4581                	li	a1,0
 7a6:	4501                	li	a0,0
 7a8:	3751                	jal	72c <lcd_set_address>
 7aa:	00895993          	srli	s3,s2,0x8
 7ae:	3f8d                	jal	720 <lcd_write_ram>
 7b0:	14000493          	li	s1,320
 7b4:	0ff97913          	andi	s2,s2,255
 7b8:	0f000413          	li	s0,240
 7bc:	854e                	mv	a0,s3
 7be:	147d                	addi	s0,s0,-1
 7c0:	3dc5                	jal	6b0 <lcd_write_data>
 7c2:	0442                	slli	s0,s0,0x10
 7c4:	854a                	mv	a0,s2
 7c6:	8041                	srli	s0,s0,0x10
 7c8:	35e5                	jal	6b0 <lcd_write_data>
 7ca:	f86d                	bnez	s0,7bc <lcd_clear+0x28>
 7cc:	14fd                	addi	s1,s1,-1
 7ce:	04c2                	slli	s1,s1,0x10
 7d0:	80c1                	srli	s1,s1,0x10
 7d2:	f0fd                	bnez	s1,7b8 <lcd_clear+0x24>
 7d4:	3765                	jal	77c <lcd_display_on>
 7d6:	bc95                	j	24a <__riscv_restore_4>

000007d8 <lcd_draw_point>:
 7d8:	a59ff2ef          	jal	t0,230 <__riscv_save_0>
 7dc:	8432                	mv	s0,a2
 7de:	86ae                	mv	a3,a1
 7e0:	862a                	mv	a2,a0
 7e2:	37a9                	jal	72c <lcd_set_address>
 7e4:	3f35                	jal	720 <lcd_write_ram>
 7e6:	00845513          	srli	a0,s0,0x8
 7ea:	35d9                	jal	6b0 <lcd_write_data>
 7ec:	0ff47513          	andi	a0,s0,255
 7f0:	35c1                	jal	6b0 <lcd_write_data>
 7f2:	b48d                	j	254 <__riscv_restore_0>

000007f4 <lcd_show_chinese>:
 7f4:	a0dff2ef          	jal	t0,200 <__riscv_save_12>
 7f8:	1141                	addi	sp,sp,-16
 7fa:	0076f413          	andi	s0,a3,7
 7fe:	c63e                	sw	a5,12(sp)
 800:	00803433          	snez	s0,s0
 804:	0036d793          	srli	a5,a3,0x3
 808:	943e                	add	s0,s0,a5
 80a:	02d40433          	mul	s0,s0,a3
 80e:	14000b13          	li	s6,320
 812:	89aa                	mv	s3,a0
 814:	8bb6                	mv	s7,a3
 816:	8a3a                	mv	s4,a4
 818:	8d32                	mv	s10,a2
 81a:	892a                	mv	s2,a0
 81c:	20001c37          	lui	s8,0x20001
 820:	02d585b3          	mul	a1,a1,a3
 824:	02e40433          	mul	s0,s0,a4
 828:	40bb0b33          	sub	s6,s6,a1
 82c:	0b42                	slli	s6,s6,0x10
 82e:	010b5b13          	srli	s6,s6,0x10
 832:	84da                	mv	s1,s6
 834:	9432                	add	s0,s0,a2
 836:	048d0263          	beq	s10,s0,87a <__stack_size+0x7a>
 83a:	ff848d93          	addi	s11,s1,-8
 83e:	000d4a83          	lbu	s5,0(s10)
 842:	0dc2                	slli	s11,s11,0x10
 844:	010ddd93          	srli	s11,s11,0x10
 848:	080af713          	andi	a4,s5,128
 84c:	cb0d                	beqz	a4,87e <__stack_size+0x7e>
 84e:	8081d603          	lhu	a2,-2040(gp) # 20001788 <_edata>
 852:	85a6                	mv	a1,s1
 854:	854a                	mv	a0,s2
 856:	3749                	jal	7d8 <lcd_draw_point>
 858:	14fd                	addi	s1,s1,-1
 85a:	04c2                	slli	s1,s1,0x10
 85c:	80c1                	srli	s1,s1,0x10
 85e:	409b0733          	sub	a4,s6,s1
 862:	0a86                	slli	s5,s5,0x1
 864:	02eb9263          	bne	s7,a4,888 <__stack_size+0x88>
 868:	034bc7b3          	div	a5,s7,s4
 86c:	0905                	addi	s2,s2,1
 86e:	0942                	slli	s2,s2,0x10
 870:	01095913          	srli	s2,s2,0x10
 874:	97ce                	add	a5,a5,s3
 876:	0127de63          	bge	a5,s2,892 <__stack_size+0x92>
 87a:	0141                	addi	sp,sp,16
 87c:	b2c1                	j	23c <__riscv_restore_12>
 87e:	47b2                	lw	a5,12(sp)
 880:	ffe1                	bnez	a5,858 <__stack_size+0x58>
 882:	780c5603          	lhu	a2,1920(s8) # 20001780 <BACK_COLOR>
 886:	b7f1                	j	852 <__stack_size+0x52>
 888:	fc9d90e3          	bne	s11,s1,848 <__stack_size+0x48>
 88c:	0d05                	addi	s10,s10,1
 88e:	84ee                	mv	s1,s11
 890:	b75d                	j	836 <__stack_size+0x36>
 892:	8dda                	mv	s11,s6
 894:	bfe5                	j	88c <__stack_size+0x8c>

00000896 <lcd_init>:
 896:	99bff2ef          	jal	t0,230 <__riscv_save_0>
 89a:	3b8d                	jal	60c <ST7789_GPIO_init>
 89c:	40012437          	lui	s0,0x40012
 8a0:	4605                	li	a2,1
 8a2:	6585                	lui	a1,0x1
 8a4:	80040513          	addi	a0,s0,-2048 # 40011800 <_eusrstack+0x20009800>
 8a8:	3b05                	jal	5d8 <GPIO_WriteBit>
 8aa:	4505                	li	a0,1
 8ac:	2a5d                	jal	a62 <Delay_Ms>
 8ae:	4601                	li	a2,0
 8b0:	6585                	lui	a1,0x1
 8b2:	80040513          	addi	a0,s0,-2048
 8b6:	330d                	jal	5d8 <GPIO_WriteBit>
 8b8:	4529                	li	a0,10
 8ba:	2265                	jal	a62 <Delay_Ms>
 8bc:	4605                	li	a2,1
 8be:	6585                	lui	a1,0x1
 8c0:	80040513          	addi	a0,s0,-2048
 8c4:	3b11                	jal	5d8 <GPIO_WriteBit>
 8c6:	07800513          	li	a0,120
 8ca:	2a61                	jal	a62 <Delay_Ms>
 8cc:	4545                	li	a0,17
 8ce:	3b8d                	jal	640 <lcd_write_reg>
 8d0:	07800513          	li	a0,120
 8d4:	2279                	jal	a62 <Delay_Ms>
 8d6:	03600513          	li	a0,54
 8da:	339d                	jal	640 <lcd_write_reg>
 8dc:	4501                	li	a0,0
 8de:	3bc9                	jal	6b0 <lcd_write_data>
 8e0:	03a00513          	li	a0,58
 8e4:	3bb1                	jal	640 <lcd_write_reg>
 8e6:	4515                	li	a0,5
 8e8:	33e1                	jal	6b0 <lcd_write_data>
 8ea:	0b200513          	li	a0,178
 8ee:	3b89                	jal	640 <lcd_write_reg>
 8f0:	4531                	li	a0,12
 8f2:	3b7d                	jal	6b0 <lcd_write_data>
 8f4:	4531                	li	a0,12
 8f6:	3b6d                	jal	6b0 <lcd_write_data>
 8f8:	4501                	li	a0,0
 8fa:	3b5d                	jal	6b0 <lcd_write_data>
 8fc:	03300513          	li	a0,51
 900:	3b45                	jal	6b0 <lcd_write_data>
 902:	03300513          	li	a0,51
 906:	336d                	jal	6b0 <lcd_write_data>
 908:	0b700513          	li	a0,183
 90c:	3b15                	jal	640 <lcd_write_reg>
 90e:	03500513          	li	a0,53
 912:	3b79                	jal	6b0 <lcd_write_data>
 914:	0bb00513          	li	a0,187
 918:	3325                	jal	640 <lcd_write_reg>
 91a:	02800513          	li	a0,40
 91e:	3b49                	jal	6b0 <lcd_write_data>
 920:	0c000513          	li	a0,192
 924:	3b31                	jal	640 <lcd_write_reg>
 926:	02c00513          	li	a0,44
 92a:	3359                	jal	6b0 <lcd_write_data>
 92c:	0c200513          	li	a0,194
 930:	3b01                	jal	640 <lcd_write_reg>
 932:	4505                	li	a0,1
 934:	3bb5                	jal	6b0 <lcd_write_data>
 936:	0c300513          	li	a0,195
 93a:	3319                	jal	640 <lcd_write_reg>
 93c:	452d                	li	a0,11
 93e:	3b8d                	jal	6b0 <lcd_write_data>
 940:	0c400513          	li	a0,196
 944:	39f5                	jal	640 <lcd_write_reg>
 946:	02000513          	li	a0,32
 94a:	339d                	jal	6b0 <lcd_write_data>
 94c:	0c600513          	li	a0,198
 950:	39c5                	jal	640 <lcd_write_reg>
 952:	453d                	li	a0,15
 954:	3bb1                	jal	6b0 <lcd_write_data>
 956:	0d000513          	li	a0,208
 95a:	31dd                	jal	640 <lcd_write_reg>
 95c:	0a400513          	li	a0,164
 960:	3b81                	jal	6b0 <lcd_write_data>
 962:	0a100513          	li	a0,161
 966:	33a9                	jal	6b0 <lcd_write_data>
 968:	0e000513          	li	a0,224
 96c:	39d1                	jal	640 <lcd_write_reg>
 96e:	0d000513          	li	a0,208
 972:	3b3d                	jal	6b0 <lcd_write_data>
 974:	4505                	li	a0,1
 976:	3b2d                	jal	6b0 <lcd_write_data>
 978:	4521                	li	a0,8
 97a:	3b1d                	jal	6b0 <lcd_write_data>
 97c:	453d                	li	a0,15
 97e:	3b0d                	jal	6b0 <lcd_write_data>
 980:	4545                	li	a0,17
 982:	333d                	jal	6b0 <lcd_write_data>
 984:	02a00513          	li	a0,42
 988:	3325                	jal	6b0 <lcd_write_data>
 98a:	03600513          	li	a0,54
 98e:	330d                	jal	6b0 <lcd_write_data>
 990:	05500513          	li	a0,85
 994:	3b31                	jal	6b0 <lcd_write_data>
 996:	04400513          	li	a0,68
 99a:	3b19                	jal	6b0 <lcd_write_data>
 99c:	03a00513          	li	a0,58
 9a0:	3b01                	jal	6b0 <lcd_write_data>
 9a2:	452d                	li	a0,11
 9a4:	3331                	jal	6b0 <lcd_write_data>
 9a6:	4519                	li	a0,6
 9a8:	3321                	jal	6b0 <lcd_write_data>
 9aa:	4545                	li	a0,17
 9ac:	3311                	jal	6b0 <lcd_write_data>
 9ae:	02000513          	li	a0,32
 9b2:	39fd                	jal	6b0 <lcd_write_data>
 9b4:	0e100513          	li	a0,225
 9b8:	3161                	jal	640 <lcd_write_reg>
 9ba:	0d000513          	li	a0,208
 9be:	39cd                	jal	6b0 <lcd_write_data>
 9c0:	4509                	li	a0,2
 9c2:	31fd                	jal	6b0 <lcd_write_data>
 9c4:	451d                	li	a0,7
 9c6:	31ed                	jal	6b0 <lcd_write_data>
 9c8:	4529                	li	a0,10
 9ca:	31dd                	jal	6b0 <lcd_write_data>
 9cc:	452d                	li	a0,11
 9ce:	31cd                	jal	6b0 <lcd_write_data>
 9d0:	4561                	li	a0,24
 9d2:	39f9                	jal	6b0 <lcd_write_data>
 9d4:	03400513          	li	a0,52
 9d8:	39e1                	jal	6b0 <lcd_write_data>
 9da:	04300513          	li	a0,67
 9de:	39c9                	jal	6b0 <lcd_write_data>
 9e0:	04a00513          	li	a0,74
 9e4:	31f1                	jal	6b0 <lcd_write_data>
 9e6:	02b00513          	li	a0,43
 9ea:	31d9                	jal	6b0 <lcd_write_data>
 9ec:	456d                	li	a0,27
 9ee:	31c9                	jal	6b0 <lcd_write_data>
 9f0:	4571                	li	a0,28
 9f2:	397d                	jal	6b0 <lcd_write_data>
 9f4:	02200513          	li	a0,34
 9f8:	3965                	jal	6b0 <lcd_write_data>
 9fa:	457d                	li	a0,31
 9fc:	3955                	jal	6b0 <lcd_write_data>
 9fe:	02900513          	li	a0,41
 a02:	393d                	jal	640 <lcd_write_reg>
 a04:	851ff06f          	j	254 <__riscv_restore_0>

00000a08 <EXTI0_IRQHandler>:
 a08:	4505                	li	a0,1
 a0a:	b05ff0ef          	jal	ra,50e <EXTI_ClearFlag>
 a0e:	80a18793          	addi	a5,gp,-2038 # 2000178a <LED_Status>
 a12:	239a                	lhu	a4,0(a5)
 a14:	6585                	lui	a1,0x1
 a16:	40012537          	lui	a0,0x40012
 a1a:	0742                	slli	a4,a4,0x10
 a1c:	8341                	srli	a4,a4,0x10
 a1e:	00173713          	seqz	a4,a4
 a22:	a39a                	sh	a4,0(a5)
 a24:	2392                	lhu	a2,0(a5)
 a26:	80058593          	addi	a1,a1,-2048 # 800 <__stack_size>
 a2a:	80050513          	addi	a0,a0,-2048 # 40011800 <_eusrstack+0x20009800>
 a2e:	366d                	jal	5d8 <GPIO_WriteBit>
 a30:	30200073          	mret

00000a34 <TIM6_IRQHandler>:
 a34:	4585                	li	a1,1
 a36:	40001537          	lui	a0,0x40001
 a3a:	36d9                	jal	600 <TIM_ClearFlag>
 a3c:	80a18793          	addi	a5,gp,-2038 # 2000178a <LED_Status>
 a40:	239a                	lhu	a4,0(a5)
 a42:	6585                	lui	a1,0x1
 a44:	40012537          	lui	a0,0x40012
 a48:	0742                	slli	a4,a4,0x10
 a4a:	8341                	srli	a4,a4,0x10
 a4c:	00173713          	seqz	a4,a4
 a50:	a39a                	sh	a4,0(a5)
 a52:	2392                	lhu	a2,0(a5)
 a54:	80058593          	addi	a1,a1,-2048 # 800 <__stack_size>
 a58:	80050513          	addi	a0,a0,-2048 # 40011800 <_eusrstack+0x20009800>
 a5c:	3eb5                	jal	5d8 <GPIO_WriteBit>
 a5e:	30200073          	mret

00000a62 <Delay_Ms>:
 a62:	e000f7b7          	lui	a5,0xe000f
 a66:	43d8                	lw	a4,4(a5)
 a68:	4681                	li	a3,0
 a6a:	9b79                	andi	a4,a4,-2
 a6c:	c3d8                	sw	a4,4(a5)
 a6e:	80c1d703          	lhu	a4,-2036(gp) # 2000178c <p_ms>
 a72:	02a70633          	mul	a2,a4,a0
 a76:	cb90                	sw	a2,16(a5)
 a78:	cbd4                	sw	a3,20(a5)
 a7a:	4398                	lw	a4,0(a5)
 a7c:	01076713          	ori	a4,a4,16
 a80:	c398                	sw	a4,0(a5)
 a82:	4398                	lw	a4,0(a5)
 a84:	02176713          	ori	a4,a4,33
 a88:	c398                	sw	a4,0(a5)
 a8a:	43d8                	lw	a4,4(a5)
 a8c:	8b05                	andi	a4,a4,1
 a8e:	df75                	beqz	a4,a8a <Delay_Ms+0x28>
 a90:	4398                	lw	a4,0(a5)
 a92:	9b79                	andi	a4,a4,-2
 a94:	c398                	sw	a4,0(a5)
 a96:	8082                	ret
