
CH32V307VCT6.elf:     file format elf32-littleriscv
CH32V307VCT6.elf
architecture: riscv:rv32, flags 0x00000112:
EXEC_P, HAS_SYMS, D_PAGED
start address 0x00000000

Program Header:
    LOAD off    0x00001000 vaddr 0x00000000 paddr 0x00000000 align 2**12
         filesz 0x00000674 memsz 0x00000674 flags r-x
    LOAD off    0x00002000 vaddr 0x20000000 paddr 0x00000674 align 2**12
         filesz 0x00000008 memsz 0x00000010 flags rw-
    LOAD off    0x00002800 vaddr 0x20007800 paddr 0x20007800 align 2**12
         filesz 0x00000000 memsz 0x00000800 flags rw-

Sections:
Idx Name          Size      VMA       LMA       File off  Algn
  0 .init         00000038  00000000  00000000  00001000  2**1
                  CONTENTS, ALLOC, LOAD, READONLY, CODE
  1 .vector       000001c8  00000038  00000038  00001038  2**1
                  CONTENTS, ALLOC, LOAD, READONLY, CODE
  2 .text         00000474  00000200  00000200  00001200  2**1
                  CONTENTS, ALLOC, LOAD, READONLY, CODE
  3 .fini         00000000  00000674  00000674  00002008  2**0
                  CONTENTS, ALLOC, LOAD, CODE
  4 .dalign       00000000  20000000  20000000  00002008  2**0
                  CONTENTS
  5 .dlalign      00000000  00000674  00000674  00002008  2**0
                  CONTENTS
  6 .data         00000008  20000000  00000674  00002000  2**2
                  CONTENTS, ALLOC, LOAD, DATA
  7 .bss          00000008  20000008  0000067c  00002008  2**1
                  ALLOC
  8 .stack        00000800  20007800  20007800  00002800  2**0
                  ALLOC
  9 .debug_info   0000ab10  00000000  00000000  00002008  2**0
                  CONTENTS, READONLY, DEBUGGING
 10 .debug_abbrev 00001ccd  00000000  00000000  0000cb18  2**0
                  CONTENTS, READONLY, DEBUGGING
 11 .debug_aranges 000006e8  00000000  00000000  0000e7e8  2**3
                  CONTENTS, READONLY, DEBUGGING
 12 .debug_ranges 00000670  00000000  00000000  0000eed0  2**3
                  CONTENTS, READONLY, DEBUGGING
 13 .debug_line   00007e91  00000000  00000000  0000f540  2**0
                  CONTENTS, READONLY, DEBUGGING
 14 .debug_str    000026c7  00000000  00000000  000173d1  2**0
                  CONTENTS, READONLY, DEBUGGING
 15 .comment      00000033  00000000  00000000  00019a98  2**0
                  CONTENTS, READONLY
 16 .debug_frame  00000dbc  00000000  00000000  00019acc  2**2
                  CONTENTS, READONLY, DEBUGGING
 17 .debug_loc    00002f67  00000000  00000000  0001a888  2**0
                  CONTENTS, READONLY, DEBUGGING
SYMBOL TABLE:
00000000 l    d  .init	00000000 .init
00000038 l    d  .vector	00000000 .vector
00000200 l    d  .text	00000000 .text
00000674 l    d  .fini	00000000 .fini
20000000 l    d  .dalign	00000000 .dalign
00000674 l    d  .dlalign	00000000 .dlalign
20000000 l    d  .data	00000000 .data
20000008 l    d  .bss	00000000 .bss
20007800 l    d  .stack	00000000 .stack
00000000 l    d  .debug_info	00000000 .debug_info
00000000 l    d  .debug_abbrev	00000000 .debug_abbrev
00000000 l    d  .debug_aranges	00000000 .debug_aranges
00000000 l    d  .debug_ranges	00000000 .debug_ranges
00000000 l    d  .debug_line	00000000 .debug_line
00000000 l    d  .debug_str	00000000 .debug_str
00000000 l    d  .comment	00000000 .comment
00000000 l    d  .debug_frame	00000000 .debug_frame
00000000 l    d  .debug_loc	00000000 .debug_loc
00000000 l    df *ABS*	00000000 ./Startup/startup_ch32v30x_D8C.o
00000038 l       .vector	00000000 _vector_base
00000000 l    df *ABS*	00000000 ch32v30x_it.c
00000000 l    df *ABS*	00000000 main.c
00000000 l    df *ABS*	00000000 system_ch32v30x.c
00000000 l    df *ABS*	00000000 ch32v30x_exti.c
00000000 l    df *ABS*	00000000 ch32v30x_gpio.c
00000000 l    df *ABS*	00000000 ch32v30x_rcc.c
00000000 l    df *ABS*	00000000 ch32v30x_tim.c
00000000 l    df *ABS*	00000000 st7789.c
00000000 l    df *ABS*	00000000 system.c
00000000 l    df *ABS*	00000000 debug.c
2000000a l     O .bss	00000002 p_ms
2000000c l     O .bss	00000001 p_us
00000364  w      .text	00000000 EXTI2_IRQHandler
000003ae  w      .text	00000000 TIM8_TRG_COM_IRQHandler
000003b0  w      .text	00000000 TIM8_CC_IRQHandler
20000008 g     O .bss	00000002 LED_Status
000003e6  w      .text	00000000 UART8_IRQHandler
20000800 g       .data	00000000 __global_pointer$
00000208 g     F .text	00000028 .hidden __riscv_save_8
0000038a  w      .text	00000000 TIM1_CC_IRQHandler
00000264 g     F .text	00000002 HardFault_Handler
00000254 g     F .text	0000000c .hidden __riscv_restore_3
000005e6 g     F .text	0000002e TIM6_IRQHandler
00000350  w      .text	00000000 SysTick_Handler
00000356  w      .text	00000000 PVD_IRQHandler
000003b6  w      .text	00000000 SDIO_IRQHandler
000003e8  w      .text	00000000 TIM9_BRK_IRQHandler
00000240 g     F .text	00000020 .hidden __riscv_restore_10
000003fc  w      .text	00000000 DMA2_Channel8_IRQHandler
00000260 g     F .text	00000004 NMI_Handler
000003d6  w      .text	00000000 CAN2_RX1_IRQHandler
00000366  w      .text	00000000 EXTI3_IRQHandler
00000208 g     F .text	00000028 .hidden __riscv_save_11
000003de  w      .text	00000000 USBHS_IRQHandler
000003fe  w      .text	00000000 DMA2_Channel9_IRQHandler
000003f6  w      .text	00000000 TIM10_CC_IRQHandler
20000008 g       .bss	00000000 _sbss
00000800 g       *ABS*	00000000 __stack_size
00000254 g     F .text	0000000c .hidden __riscv_restore_2
000005bc g     F .text	0000002a EXTI0_IRQHandler
00000396  w      .text	00000000 I2C2_EV_IRQHandler
000003f4  w      .text	00000000 TIM10_TRG_COM_IRQHandler
20000000 g     O .data	00000004 SystemCoreClock
0000057c g     F .text	0000000c TIM_ClearFlag
00000038 g       .init	00000000 _einit
0000055e g     F .text	0000001e RCC_APB2PeriphClockCmd
00000200 g     F .text	00000030 .hidden __riscv_save_12
000003d8  w      .text	00000000 CAN2_SCE_IRQHandler
00000378  w      .text	00000000 ADC1_2_IRQHandler
00000494 g     F .text	000000c0 GPIO_Init
0000034e  w      .text	00000000 Break_Point_Handler
00000240 g     F .text	00000020 .hidden __riscv_restore_11
0000039a  w      .text	00000000 SPI1_IRQHandler
00000230 g     F .text	0000000c .hidden __riscv_save_1
00000358  w      .text	00000000 TAMPER_IRQHandler
00000254 g     F .text	0000000c .hidden __riscv_restore_0
00000216 g     F .text	0000001a .hidden __riscv_save_7
000003d4  w      .text	00000000 CAN2_RX0_IRQHandler
000003ac  w      .text	00000000 TIM8_UP_IRQHandler
0000034a  w      .text	00000000 Ecall_M_Mode_Handler
20007800 g       .stack	00000000 _heap_end
0000024a g     F .text	00000016 .hidden __riscv_restore_5
000003c6  w      .text	00000000 DMA2_Channel2_IRQHandler
00000370  w      .text	00000000 DMA1_Channel4_IRQHandler
000003ea  w      .text	00000000 TIM9_UP_IRQHandler
0000024a g     F .text	00000016 .hidden __riscv_restore_6
000003a2  w      .text	00000000 USART3_IRQHandler
0000035a  w      .text	00000000 RTC_IRQHandler
20000010 g       .bss	00000000 _ebss
00000376  w      .text	00000000 DMA1_Channel7_IRQHandler
0000037e  w      .text	00000000 CAN1_RX1_IRQHandler
00000614 g     F .text	0000002a Delay_Init
000003e0  w      .text	00000000 DVP_IRQHandler
000003be  w      .text	00000000 UART5_IRQHandler
00000390  w      .text	00000000 TIM4_IRQHandler
00000208 g     F .text	00000028 .hidden __riscv_save_9
00000554 g     F .text	0000000a GPIO_WriteBit
000003c4  w      .text	00000000 DMA2_Channel1_IRQHandler
00000216 g     F .text	0000001a .hidden __riscv_save_4
00000392  w      .text	00000000 I2C1_EV_IRQHandler
00000374  w      .text	00000000 DMA1_Channel6_IRQHandler
000003bc  w      .text	00000000 UART4_IRQHandler
000003ca  w      .text	00000000 DMA2_Channel4_IRQHandler
0000038e  w      .text	00000000 TIM3_IRQHandler
0000035e  w      .text	00000000 RCC_IRQHandler
00000230 g     F .text	0000000c .hidden __riscv_save_3
00000388  w      .text	00000000 TIM1_TRG_COM_IRQHandler
0000036a  w      .text	00000000 DMA1_Channel1_IRQHandler
00000000 g       .init	00000000 _start
000003fa  w      .text	00000000 DMA2_Channel7_IRQHandler
0000048a g     F .text	0000000a EXTI_ClearFlag
000003a4  w      .text	00000000 EXTI15_10_IRQHandler
00000588 g     F .text	00000034 ST7789_GPIO_init
000003c2  w      .text	00000000 TIM7_IRQHandler
000003d2  w      .text	00000000 CAN2_TX_IRQHandler
20000000 g       .dalign	00000000 _data_vma
000003b8  w      .text	00000000 TIM5_IRQHandler
00000382  w      .text	00000000 EXTI9_5_IRQHandler
00000208 g     F .text	00000028 .hidden __riscv_save_10
000003d0  w      .text	00000000 ETH_WKUP_IRQHandler
0000024a g     F .text	00000016 .hidden __riscv_restore_4
00000240 g     F .text	00000020 .hidden __riscv_restore_8
00000216 g     F .text	0000001a .hidden __riscv_save_6
0000039c  w      .text	00000000 SPI2_IRQHandler
00000240 g     F .text	00000020 .hidden __riscv_restore_9
0000024a g     F .text	00000016 .hidden __riscv_restore_7
00000266 g     F .text	0000002e main
000003f0  w      .text	00000000 TIM10_BRK_IRQHandler
000003ee  w      .text	00000000 TIM9_CC_IRQHandler
000003cc  w      .text	00000000 DMA2_Channel5_IRQHandler
00000372  w      .text	00000000 DMA1_Channel5_IRQHandler
00000368  w      .text	00000000 EXTI4_IRQHandler
0000063e g     F .text	00000036 Delay_Ms
0000037c  w      .text	00000000 USB_LP_CAN1_RX0_IRQHandler
00000294 g     F .text	000000b2 SystemInit
000003b2  w      .text	00000000 RNG_IRQHandler
0000037a  w      .text	00000000 USB_HP_CAN1_TX_IRQHandler
00000000 g       .init	00000000 _sinit
0000036e  w      .text	00000000 DMA1_Channel3_IRQHandler
000003b4  w      .text	00000000 FSMC_IRQHandler
000003ce  w      .text	00000000 ETH_IRQHandler
00000386  w      .text	00000000 TIM1_UP_IRQHandler
00000354  w      .text	00000000 WWDG_IRQHandler
000003dc  w      .text	00000000 USBHSWakeup_IRQHandler
00000402  w      .text	00000000 DMA2_Channel11_IRQHandler
0000034c  w      .text	00000000 Ecall_U_Mode_Handler
000003f8  w      .text	00000000 DMA2_Channel6_IRQHandler
0000038c  w      .text	00000000 TIM2_IRQHandler
20008000 g       .stack	00000000 _eusrstack
00000230 g     F .text	0000000c .hidden __riscv_save_2
00000352  w      .text	00000000 SW_Handler
00000384  w      .text	00000000 TIM1_BRK_IRQHandler
00000400  w      .text	00000000 DMA2_Channel10_IRQHandler
00000362  w      .text	00000000 EXTI1_IRQHandler
00000216 g     F .text	0000001a .hidden __riscv_save_5
20000008 g       .data	00000000 _edata
20000010 g       .bss	00000000 _end
000003a6  w      .text	00000000 RTCAlarm_IRQHandler
00000674 g       .dlalign	00000000 _data_lma
000003f2  w      .text	00000000 TIM10_UP_IRQHandler
000003ec  w      .text	00000000 TIM9_TRG_COM_IRQHandler
000003e4  w      .text	00000000 UART7_IRQHandler
000003a0  w      .text	00000000 USART2_IRQHandler
000003e2  w      .text	00000000 UART6_IRQHandler
00000398  w      .text	00000000 I2C2_ER_IRQHandler
0000036c  w      .text	00000000 DMA1_Channel2_IRQHandler
0000023c g     F .text	00000024 .hidden __riscv_restore_12
000003aa  w      .text	00000000 TIM8_BRK_IRQHandler
00000404  w      .text	00000000 handle_reset
00000380  w      .text	00000000 CAN1_SCE_IRQHandler
00000230 g     F .text	0000000c .hidden __riscv_save_0
0000035c  w      .text	00000000 FLASH_IRQHandler
0000039e  w      .text	00000000 USART1_IRQHandler
000003da  w      .text	00000000 OTG_FS_IRQHandler
000003ba  w      .text	00000000 SPI3_IRQHandler
00000394  w      .text	00000000 I2C1_ER_IRQHandler
00000254 g     F .text	0000000c .hidden __riscv_restore_1
000003a8  w      .text	00000000 USBWakeUp_IRQHandler
000003c8  w      .text	00000000 DMA2_Channel3_IRQHandler



Disassembly of section .init:

00000000 <_sinit>:
   0:	4040006f          	j	404 <handle_reset>
   4:	00000013          	nop
   8:	00000013          	nop
   c:	00000013          	nop
  10:	00000013          	nop
  14:	00000013          	nop
  18:	00000013          	nop
  1c:	00000013          	nop
  20:	00000013          	nop
  24:	00000013          	nop
  28:	00000013          	nop
  2c:	00000013          	nop
  30:	00000013          	nop
  34:	00100073          	ebreak

Disassembly of section .vector:

00000038 <_vector_base>:
	...
  40:	0260                	addi	s0,sp,268
  42:	0000                	unimp
  44:	0264                	addi	s1,sp,268
  46:	0000                	unimp
  48:	0000                	unimp
  4a:	0000                	unimp
  4c:	034a                	slli	t1,t1,0x12
	...
  56:	0000                	unimp
  58:	034c                	addi	a1,sp,388
  5a:	0000                	unimp
  5c:	034e                	slli	t1,t1,0x13
	...
  66:	0000                	unimp
  68:	0350                	addi	a2,sp,388
  6a:	0000                	unimp
  6c:	0000                	unimp
  6e:	0000                	unimp
  70:	0352                	slli	t1,t1,0x14
  72:	0000                	unimp
  74:	0000                	unimp
  76:	0000                	unimp
  78:	0354                	addi	a3,sp,388
  7a:	0000                	unimp
  7c:	0356                	slli	t1,t1,0x15
  7e:	0000                	unimp
  80:	0358                	addi	a4,sp,388
  82:	0000                	unimp
  84:	035a                	slli	t1,t1,0x16
  86:	0000                	unimp
  88:	035c                	addi	a5,sp,388
  8a:	0000                	unimp
  8c:	035e                	slli	t1,t1,0x17
  8e:	0000                	unimp
  90:	05bc                	addi	a5,sp,712
  92:	0000                	unimp
  94:	0362                	slli	t1,t1,0x18
  96:	0000                	unimp
  98:	0364                	addi	s1,sp,396
  9a:	0000                	unimp
  9c:	0366                	slli	t1,t1,0x19
  9e:	0000                	unimp
  a0:	0368                	addi	a0,sp,396
  a2:	0000                	unimp
  a4:	036a                	slli	t1,t1,0x1a
  a6:	0000                	unimp
  a8:	036c                	addi	a1,sp,396
  aa:	0000                	unimp
  ac:	036e                	slli	t1,t1,0x1b
  ae:	0000                	unimp
  b0:	0370                	addi	a2,sp,396
  b2:	0000                	unimp
  b4:	0372                	slli	t1,t1,0x1c
  b6:	0000                	unimp
  b8:	0374                	addi	a3,sp,396
  ba:	0000                	unimp
  bc:	0376                	slli	t1,t1,0x1d
  be:	0000                	unimp
  c0:	0378                	addi	a4,sp,396
  c2:	0000                	unimp
  c4:	037a                	slli	t1,t1,0x1e
  c6:	0000                	unimp
  c8:	037c                	addi	a5,sp,396
  ca:	0000                	unimp
  cc:	037e                	slli	t1,t1,0x1f
  ce:	0000                	unimp
  d0:	0380                	addi	s0,sp,448
  d2:	0000                	unimp
  d4:	0382                	c.slli64	t2
  d6:	0000                	unimp
  d8:	0384                	addi	s1,sp,448
  da:	0000                	unimp
  dc:	0386                	slli	t2,t2,0x1
  de:	0000                	unimp
  e0:	0388                	addi	a0,sp,448
  e2:	0000                	unimp
  e4:	038a                	slli	t2,t2,0x2
  e6:	0000                	unimp
  e8:	038c                	addi	a1,sp,448
  ea:	0000                	unimp
  ec:	038e                	slli	t2,t2,0x3
  ee:	0000                	unimp
  f0:	0390                	addi	a2,sp,448
  f2:	0000                	unimp
  f4:	0392                	slli	t2,t2,0x4
  f6:	0000                	unimp
  f8:	0394                	addi	a3,sp,448
  fa:	0000                	unimp
  fc:	0396                	slli	t2,t2,0x5
  fe:	0000                	unimp
 100:	0398                	addi	a4,sp,448
 102:	0000                	unimp
 104:	039a                	slli	t2,t2,0x6
 106:	0000                	unimp
 108:	039c                	addi	a5,sp,448
 10a:	0000                	unimp
 10c:	039e                	slli	t2,t2,0x7
 10e:	0000                	unimp
 110:	03a0                	addi	s0,sp,456
 112:	0000                	unimp
 114:	03a2                	slli	t2,t2,0x8
 116:	0000                	unimp
 118:	03a4                	addi	s1,sp,456
 11a:	0000                	unimp
 11c:	03a6                	slli	t2,t2,0x9
 11e:	0000                	unimp
 120:	03a8                	addi	a0,sp,456
 122:	0000                	unimp
 124:	03aa                	slli	t2,t2,0xa
 126:	0000                	unimp
 128:	03ac                	addi	a1,sp,456
 12a:	0000                	unimp
 12c:	03ae                	slli	t2,t2,0xb
 12e:	0000                	unimp
 130:	03b0                	addi	a2,sp,456
 132:	0000                	unimp
 134:	03b2                	slli	t2,t2,0xc
 136:	0000                	unimp
 138:	03b4                	addi	a3,sp,456
 13a:	0000                	unimp
 13c:	03b6                	slli	t2,t2,0xd
 13e:	0000                	unimp
 140:	03b8                	addi	a4,sp,456
 142:	0000                	unimp
 144:	03ba                	slli	t2,t2,0xe
 146:	0000                	unimp
 148:	03bc                	addi	a5,sp,456
 14a:	0000                	unimp
 14c:	03be                	slli	t2,t2,0xf
 14e:	0000                	unimp
 150:	05e6                	slli	a1,a1,0x19
 152:	0000                	unimp
 154:	03c2                	slli	t2,t2,0x10
 156:	0000                	unimp
 158:	03c4                	addi	s1,sp,452
 15a:	0000                	unimp
 15c:	03c6                	slli	t2,t2,0x11
 15e:	0000                	unimp
 160:	03c8                	addi	a0,sp,452
 162:	0000                	unimp
 164:	03ca                	slli	t2,t2,0x12
 166:	0000                	unimp
 168:	03cc                	addi	a1,sp,452
 16a:	0000                	unimp
 16c:	03ce                	slli	t2,t2,0x13
 16e:	0000                	unimp
 170:	03d0                	addi	a2,sp,452
 172:	0000                	unimp
 174:	03d2                	slli	t2,t2,0x14
 176:	0000                	unimp
 178:	03d4                	addi	a3,sp,452
 17a:	0000                	unimp
 17c:	03d6                	slli	t2,t2,0x15
 17e:	0000                	unimp
 180:	03d8                	addi	a4,sp,452
 182:	0000                	unimp
 184:	03da                	slli	t2,t2,0x16
 186:	0000                	unimp
 188:	03dc                	addi	a5,sp,452
 18a:	0000                	unimp
 18c:	03de                	slli	t2,t2,0x17
 18e:	0000                	unimp
 190:	03e0                	addi	s0,sp,460
 192:	0000                	unimp
 194:	03e2                	slli	t2,t2,0x18
 196:	0000                	unimp
 198:	03e4                	addi	s1,sp,460
 19a:	0000                	unimp
 19c:	03e6                	slli	t2,t2,0x19
 19e:	0000                	unimp
 1a0:	03e8                	addi	a0,sp,460
 1a2:	0000                	unimp
 1a4:	03ea                	slli	t2,t2,0x1a
 1a6:	0000                	unimp
 1a8:	03ec                	addi	a1,sp,460
 1aa:	0000                	unimp
 1ac:	03ee                	slli	t2,t2,0x1b
 1ae:	0000                	unimp
 1b0:	03f0                	addi	a2,sp,460
 1b2:	0000                	unimp
 1b4:	03f2                	slli	t2,t2,0x1c
 1b6:	0000                	unimp
 1b8:	03f4                	addi	a3,sp,460
 1ba:	0000                	unimp
 1bc:	03f6                	slli	t2,t2,0x1d
 1be:	0000                	unimp
 1c0:	03f8                	addi	a4,sp,460
 1c2:	0000                	unimp
 1c4:	03fa                	slli	t2,t2,0x1e
 1c6:	0000                	unimp
 1c8:	03fc                	addi	a5,sp,460
 1ca:	0000                	unimp
 1cc:	03fe                	slli	t2,t2,0x1f
 1ce:	0000                	unimp
 1d0:	0400                	addi	s0,sp,512
 1d2:	0000                	unimp
 1d4:	0402                	c.slli64	s0
	...

Disassembly of section .text:

00000200 <__riscv_save_12>:
 200:	7139                	addi	sp,sp,-64
 202:	4301                	li	t1,0
 204:	c66e                	sw	s11,12(sp)
 206:	a019                	j	20c <__riscv_save_10+0x4>

00000208 <__riscv_save_10>:
 208:	7139                	addi	sp,sp,-64
 20a:	5341                	li	t1,-16
 20c:	c86a                	sw	s10,16(sp)
 20e:	ca66                	sw	s9,20(sp)
 210:	cc62                	sw	s8,24(sp)
 212:	ce5e                	sw	s7,28(sp)
 214:	a019                	j	21a <__riscv_save_4+0x4>

00000216 <__riscv_save_4>:
 216:	7139                	addi	sp,sp,-64
 218:	5301                	li	t1,-32
 21a:	d05a                	sw	s6,32(sp)
 21c:	d256                	sw	s5,36(sp)
 21e:	d452                	sw	s4,40(sp)
 220:	d64e                	sw	s3,44(sp)
 222:	d84a                	sw	s2,48(sp)
 224:	da26                	sw	s1,52(sp)
 226:	dc22                	sw	s0,56(sp)
 228:	de06                	sw	ra,60(sp)
 22a:	40610133          	sub	sp,sp,t1
 22e:	8282                	jr	t0

00000230 <__riscv_save_0>:
 230:	1141                	addi	sp,sp,-16
 232:	c04a                	sw	s2,0(sp)
 234:	c226                	sw	s1,4(sp)
 236:	c422                	sw	s0,8(sp)
 238:	c606                	sw	ra,12(sp)
 23a:	8282                	jr	t0

0000023c <__riscv_restore_12>:
 23c:	4db2                	lw	s11,12(sp)
 23e:	0141                	addi	sp,sp,16

00000240 <__riscv_restore_10>:
 240:	4d02                	lw	s10,0(sp)
 242:	4c92                	lw	s9,4(sp)
 244:	4c22                	lw	s8,8(sp)
 246:	4bb2                	lw	s7,12(sp)
 248:	0141                	addi	sp,sp,16

0000024a <__riscv_restore_4>:
 24a:	4b02                	lw	s6,0(sp)
 24c:	4a92                	lw	s5,4(sp)
 24e:	4a22                	lw	s4,8(sp)
 250:	49b2                	lw	s3,12(sp)
 252:	0141                	addi	sp,sp,16

00000254 <__riscv_restore_0>:
 254:	4902                	lw	s2,0(sp)
 256:	4492                	lw	s1,4(sp)
 258:	4422                	lw	s0,8(sp)
 25a:	40b2                	lw	ra,12(sp)
 25c:	0141                	addi	sp,sp,16
 25e:	8082                	ret

00000260 <NMI_Handler>:
 260:	30200073          	mret

00000264 <HardFault_Handler>:
 264:	a001                	j	264 <HardFault_Handler>

00000266 <main>:
 266:	fcbff2ef          	jal	t0,230 <__riscv_save_0>
 26a:	2e39                	jal	588 <ST7789_GPIO_init>
 26c:	40012437          	lui	s0,0x40012
 270:	2655                	jal	614 <Delay_Init>
 272:	4781                	li	a5,0
 274:	80040413          	addi	s0,s0,-2048 # 40011800 <_eusrstack+0x20009800>
 278:	0017c493          	xori	s1,a5,1
 27c:	4605                	li	a2,1
 27e:	c391                	beqz	a5,282 <main+0x1c>
 280:	4601                	li	a2,0
 282:	10000593          	li	a1,256
 286:	8522                	mv	a0,s0
 288:	24f1                	jal	554 <GPIO_WriteBit>
 28a:	7d000513          	li	a0,2000
 28e:	2e45                	jal	63e <Delay_Ms>
 290:	87a6                	mv	a5,s1
 292:	b7dd                	j	278 <main+0x12>

00000294 <SystemInit>:
 294:	400217b7          	lui	a5,0x40021
 298:	4398                	lw	a4,0(a5)
 29a:	f8ff06b7          	lui	a3,0xf8ff0
 29e:	00176713          	ori	a4,a4,1
 2a2:	c398                	sw	a4,0(a5)
 2a4:	43d8                	lw	a4,4(a5)
 2a6:	8f75                	and	a4,a4,a3
 2a8:	c3d8                	sw	a4,4(a5)
 2aa:	4398                	lw	a4,0(a5)
 2ac:	fef706b7          	lui	a3,0xfef70
 2b0:	16fd                	addi	a3,a3,-1
 2b2:	8f75                	and	a4,a4,a3
 2b4:	c398                	sw	a4,0(a5)
 2b6:	4398                	lw	a4,0(a5)
 2b8:	fffc06b7          	lui	a3,0xfffc0
 2bc:	16fd                	addi	a3,a3,-1
 2be:	8f75                	and	a4,a4,a3
 2c0:	c398                	sw	a4,0(a5)
 2c2:	43d8                	lw	a4,4(a5)
 2c4:	ff8106b7          	lui	a3,0xff810
 2c8:	16fd                	addi	a3,a3,-1
 2ca:	8f75                	and	a4,a4,a3
 2cc:	c3d8                	sw	a4,4(a5)
 2ce:	4398                	lw	a4,0(a5)
 2d0:	ec0006b7          	lui	a3,0xec000
 2d4:	16fd                	addi	a3,a3,-1
 2d6:	8f75                	and	a4,a4,a3
 2d8:	c398                	sw	a4,0(a5)
 2da:	00ff0737          	lui	a4,0xff0
 2de:	c798                	sw	a4,8(a5)
 2e0:	0207a623          	sw	zero,44(a5) # 4002102c <_eusrstack+0x2001902c>
 2e4:	400246b7          	lui	a3,0x40024
 2e8:	8006a703          	lw	a4,-2048(a3) # 40023800 <_eusrstack+0x2001b800>
 2ec:	01076713          	ori	a4,a4,16
 2f0:	80e6a023          	sw	a4,-2048(a3)
 2f4:	43d8                	lw	a4,4(a5)
 2f6:	ffc106b7          	lui	a3,0xffc10
 2fa:	16fd                	addi	a3,a3,-1
 2fc:	c3d8                	sw	a4,4(a5)
 2fe:	43d8                	lw	a4,4(a5)
 300:	c3d8                	sw	a4,4(a5)
 302:	43d8                	lw	a4,4(a5)
 304:	40076713          	ori	a4,a4,1024
 308:	c3d8                	sw	a4,4(a5)
 30a:	43d8                	lw	a4,4(a5)
 30c:	8f75                	and	a4,a4,a3
 30e:	c3d8                	sw	a4,4(a5)
 310:	43d8                	lw	a4,4(a5)
 312:	010006b7          	lui	a3,0x1000
 316:	c3d8                	sw	a4,4(a5)
 318:	4398                	lw	a4,0(a5)
 31a:	8f55                	or	a4,a4,a3
 31c:	c398                	sw	a4,0(a5)
 31e:	4398                	lw	a4,0(a5)
 320:	00671693          	slli	a3,a4,0x6
 324:	fe06dde3          	bgez	a3,31e <SystemInit+0x8a>
 328:	43d8                	lw	a4,4(a5)
 32a:	400216b7          	lui	a3,0x40021
 32e:	9b71                	andi	a4,a4,-4
 330:	c3d8                	sw	a4,4(a5)
 332:	43d8                	lw	a4,4(a5)
 334:	00276713          	ori	a4,a4,2
 338:	c3d8                	sw	a4,4(a5)
 33a:	4721                	li	a4,8
 33c:	42dc                	lw	a5,4(a3)
 33e:	8bb1                	andi	a5,a5,12
 340:	fee79ee3          	bne	a5,a4,33c <SystemInit+0xa8>
 344:	8082                	ret
 346:	a001                	j	346 <SystemInit+0xb2>
 348:	a001                	j	348 <SystemInit+0xb4>

0000034a <Ecall_M_Mode_Handler>:
 34a:	a001                	j	34a <Ecall_M_Mode_Handler>

0000034c <Ecall_U_Mode_Handler>:
 34c:	a001                	j	34c <Ecall_U_Mode_Handler>

0000034e <Break_Point_Handler>:
 34e:	a001                	j	34e <Break_Point_Handler>

00000350 <SysTick_Handler>:
 350:	a001                	j	350 <SysTick_Handler>

00000352 <SW_Handler>:
 352:	a001                	j	352 <SW_Handler>

00000354 <WWDG_IRQHandler>:
 354:	a001                	j	354 <WWDG_IRQHandler>

00000356 <PVD_IRQHandler>:
 356:	a001                	j	356 <PVD_IRQHandler>

00000358 <TAMPER_IRQHandler>:
 358:	a001                	j	358 <TAMPER_IRQHandler>

0000035a <RTC_IRQHandler>:
 35a:	a001                	j	35a <RTC_IRQHandler>

0000035c <FLASH_IRQHandler>:
 35c:	a001                	j	35c <FLASH_IRQHandler>

0000035e <RCC_IRQHandler>:
 35e:	a001                	j	35e <RCC_IRQHandler>
 360:	a001                	j	360 <RCC_IRQHandler+0x2>

00000362 <EXTI1_IRQHandler>:
 362:	a001                	j	362 <EXTI1_IRQHandler>

00000364 <EXTI2_IRQHandler>:
 364:	a001                	j	364 <EXTI2_IRQHandler>

00000366 <EXTI3_IRQHandler>:
 366:	a001                	j	366 <EXTI3_IRQHandler>

00000368 <EXTI4_IRQHandler>:
 368:	a001                	j	368 <EXTI4_IRQHandler>

0000036a <DMA1_Channel1_IRQHandler>:
 36a:	a001                	j	36a <DMA1_Channel1_IRQHandler>

0000036c <DMA1_Channel2_IRQHandler>:
 36c:	a001                	j	36c <DMA1_Channel2_IRQHandler>

0000036e <DMA1_Channel3_IRQHandler>:
 36e:	a001                	j	36e <DMA1_Channel3_IRQHandler>

00000370 <DMA1_Channel4_IRQHandler>:
 370:	a001                	j	370 <DMA1_Channel4_IRQHandler>

00000372 <DMA1_Channel5_IRQHandler>:
 372:	a001                	j	372 <DMA1_Channel5_IRQHandler>

00000374 <DMA1_Channel6_IRQHandler>:
 374:	a001                	j	374 <DMA1_Channel6_IRQHandler>

00000376 <DMA1_Channel7_IRQHandler>:
 376:	a001                	j	376 <DMA1_Channel7_IRQHandler>

00000378 <ADC1_2_IRQHandler>:
 378:	a001                	j	378 <ADC1_2_IRQHandler>

0000037a <USB_HP_CAN1_TX_IRQHandler>:
 37a:	a001                	j	37a <USB_HP_CAN1_TX_IRQHandler>

0000037c <USB_LP_CAN1_RX0_IRQHandler>:
 37c:	a001                	j	37c <USB_LP_CAN1_RX0_IRQHandler>

0000037e <CAN1_RX1_IRQHandler>:
 37e:	a001                	j	37e <CAN1_RX1_IRQHandler>

00000380 <CAN1_SCE_IRQHandler>:
 380:	a001                	j	380 <CAN1_SCE_IRQHandler>

00000382 <EXTI9_5_IRQHandler>:
 382:	a001                	j	382 <EXTI9_5_IRQHandler>

00000384 <TIM1_BRK_IRQHandler>:
 384:	a001                	j	384 <TIM1_BRK_IRQHandler>

00000386 <TIM1_UP_IRQHandler>:
 386:	a001                	j	386 <TIM1_UP_IRQHandler>

00000388 <TIM1_TRG_COM_IRQHandler>:
 388:	a001                	j	388 <TIM1_TRG_COM_IRQHandler>

0000038a <TIM1_CC_IRQHandler>:
 38a:	a001                	j	38a <TIM1_CC_IRQHandler>

0000038c <TIM2_IRQHandler>:
 38c:	a001                	j	38c <TIM2_IRQHandler>

0000038e <TIM3_IRQHandler>:
 38e:	a001                	j	38e <TIM3_IRQHandler>

00000390 <TIM4_IRQHandler>:
 390:	a001                	j	390 <TIM4_IRQHandler>

00000392 <I2C1_EV_IRQHandler>:
 392:	a001                	j	392 <I2C1_EV_IRQHandler>

00000394 <I2C1_ER_IRQHandler>:
 394:	a001                	j	394 <I2C1_ER_IRQHandler>

00000396 <I2C2_EV_IRQHandler>:
 396:	a001                	j	396 <I2C2_EV_IRQHandler>

00000398 <I2C2_ER_IRQHandler>:
 398:	a001                	j	398 <I2C2_ER_IRQHandler>

0000039a <SPI1_IRQHandler>:
 39a:	a001                	j	39a <SPI1_IRQHandler>

0000039c <SPI2_IRQHandler>:
 39c:	a001                	j	39c <SPI2_IRQHandler>

0000039e <USART1_IRQHandler>:
 39e:	a001                	j	39e <USART1_IRQHandler>

000003a0 <USART2_IRQHandler>:
 3a0:	a001                	j	3a0 <USART2_IRQHandler>

000003a2 <USART3_IRQHandler>:
 3a2:	a001                	j	3a2 <USART3_IRQHandler>

000003a4 <EXTI15_10_IRQHandler>:
 3a4:	a001                	j	3a4 <EXTI15_10_IRQHandler>

000003a6 <RTCAlarm_IRQHandler>:
 3a6:	a001                	j	3a6 <RTCAlarm_IRQHandler>

000003a8 <USBWakeUp_IRQHandler>:
 3a8:	a001                	j	3a8 <USBWakeUp_IRQHandler>

000003aa <TIM8_BRK_IRQHandler>:
 3aa:	a001                	j	3aa <TIM8_BRK_IRQHandler>

000003ac <TIM8_UP_IRQHandler>:
 3ac:	a001                	j	3ac <TIM8_UP_IRQHandler>

000003ae <TIM8_TRG_COM_IRQHandler>:
 3ae:	a001                	j	3ae <TIM8_TRG_COM_IRQHandler>

000003b0 <TIM8_CC_IRQHandler>:
 3b0:	a001                	j	3b0 <TIM8_CC_IRQHandler>

000003b2 <RNG_IRQHandler>:
 3b2:	a001                	j	3b2 <RNG_IRQHandler>

000003b4 <FSMC_IRQHandler>:
 3b4:	a001                	j	3b4 <FSMC_IRQHandler>

000003b6 <SDIO_IRQHandler>:
 3b6:	a001                	j	3b6 <SDIO_IRQHandler>

000003b8 <TIM5_IRQHandler>:
 3b8:	a001                	j	3b8 <TIM5_IRQHandler>

000003ba <SPI3_IRQHandler>:
 3ba:	a001                	j	3ba <SPI3_IRQHandler>

000003bc <UART4_IRQHandler>:
 3bc:	a001                	j	3bc <UART4_IRQHandler>

000003be <UART5_IRQHandler>:
 3be:	a001                	j	3be <UART5_IRQHandler>
 3c0:	a001                	j	3c0 <UART5_IRQHandler+0x2>

000003c2 <TIM7_IRQHandler>:
 3c2:	a001                	j	3c2 <TIM7_IRQHandler>

000003c4 <DMA2_Channel1_IRQHandler>:
 3c4:	a001                	j	3c4 <DMA2_Channel1_IRQHandler>

000003c6 <DMA2_Channel2_IRQHandler>:
 3c6:	a001                	j	3c6 <DMA2_Channel2_IRQHandler>

000003c8 <DMA2_Channel3_IRQHandler>:
 3c8:	a001                	j	3c8 <DMA2_Channel3_IRQHandler>

000003ca <DMA2_Channel4_IRQHandler>:
 3ca:	a001                	j	3ca <DMA2_Channel4_IRQHandler>

000003cc <DMA2_Channel5_IRQHandler>:
 3cc:	a001                	j	3cc <DMA2_Channel5_IRQHandler>

000003ce <ETH_IRQHandler>:
 3ce:	a001                	j	3ce <ETH_IRQHandler>

000003d0 <ETH_WKUP_IRQHandler>:
 3d0:	a001                	j	3d0 <ETH_WKUP_IRQHandler>

000003d2 <CAN2_TX_IRQHandler>:
 3d2:	a001                	j	3d2 <CAN2_TX_IRQHandler>

000003d4 <CAN2_RX0_IRQHandler>:
 3d4:	a001                	j	3d4 <CAN2_RX0_IRQHandler>

000003d6 <CAN2_RX1_IRQHandler>:
 3d6:	a001                	j	3d6 <CAN2_RX1_IRQHandler>

000003d8 <CAN2_SCE_IRQHandler>:
 3d8:	a001                	j	3d8 <CAN2_SCE_IRQHandler>

000003da <OTG_FS_IRQHandler>:
 3da:	a001                	j	3da <OTG_FS_IRQHandler>

000003dc <USBHSWakeup_IRQHandler>:
 3dc:	a001                	j	3dc <USBHSWakeup_IRQHandler>

000003de <USBHS_IRQHandler>:
 3de:	a001                	j	3de <USBHS_IRQHandler>

000003e0 <DVP_IRQHandler>:
 3e0:	a001                	j	3e0 <DVP_IRQHandler>

000003e2 <UART6_IRQHandler>:
 3e2:	a001                	j	3e2 <UART6_IRQHandler>

000003e4 <UART7_IRQHandler>:
 3e4:	a001                	j	3e4 <UART7_IRQHandler>

000003e6 <UART8_IRQHandler>:
 3e6:	a001                	j	3e6 <UART8_IRQHandler>

000003e8 <TIM9_BRK_IRQHandler>:
 3e8:	a001                	j	3e8 <TIM9_BRK_IRQHandler>

000003ea <TIM9_UP_IRQHandler>:
 3ea:	a001                	j	3ea <TIM9_UP_IRQHandler>

000003ec <TIM9_TRG_COM_IRQHandler>:
 3ec:	a001                	j	3ec <TIM9_TRG_COM_IRQHandler>

000003ee <TIM9_CC_IRQHandler>:
 3ee:	a001                	j	3ee <TIM9_CC_IRQHandler>

000003f0 <TIM10_BRK_IRQHandler>:
 3f0:	a001                	j	3f0 <TIM10_BRK_IRQHandler>

000003f2 <TIM10_UP_IRQHandler>:
 3f2:	a001                	j	3f2 <TIM10_UP_IRQHandler>

000003f4 <TIM10_TRG_COM_IRQHandler>:
 3f4:	a001                	j	3f4 <TIM10_TRG_COM_IRQHandler>

000003f6 <TIM10_CC_IRQHandler>:
 3f6:	a001                	j	3f6 <TIM10_CC_IRQHandler>

000003f8 <DMA2_Channel6_IRQHandler>:
 3f8:	a001                	j	3f8 <DMA2_Channel6_IRQHandler>

000003fa <DMA2_Channel7_IRQHandler>:
 3fa:	a001                	j	3fa <DMA2_Channel7_IRQHandler>

000003fc <DMA2_Channel8_IRQHandler>:
 3fc:	a001                	j	3fc <DMA2_Channel8_IRQHandler>

000003fe <DMA2_Channel9_IRQHandler>:
 3fe:	a001                	j	3fe <DMA2_Channel9_IRQHandler>

00000400 <DMA2_Channel10_IRQHandler>:
 400:	a001                	j	400 <DMA2_Channel10_IRQHandler>

00000402 <DMA2_Channel11_IRQHandler>:
 402:	a001                	j	402 <DMA2_Channel11_IRQHandler>

00000404 <handle_reset>:
 404:	20000197          	auipc	gp,0x20000
 408:	3fc18193          	addi	gp,gp,1020 # 20000800 <__global_pointer$>
 40c:	20008117          	auipc	sp,0x20008
 410:	bf410113          	addi	sp,sp,-1036 # 20008000 <_eusrstack>
 414:	67400513          	li	a0,1652
 418:	20000597          	auipc	a1,0x20000
 41c:	be858593          	addi	a1,a1,-1048 # 20000000 <_data_vma>
 420:	80818613          	addi	a2,gp,-2040 # 20000008 <_edata>
 424:	00c5fa63          	bgeu	a1,a2,438 <handle_reset+0x34>
 428:	00052283          	lw	t0,0(a0)
 42c:	0055a023          	sw	t0,0(a1)
 430:	0511                	addi	a0,a0,4
 432:	0591                	addi	a1,a1,4
 434:	fec5eae3          	bltu	a1,a2,428 <handle_reset+0x24>
 438:	80818513          	addi	a0,gp,-2040 # 20000008 <_edata>
 43c:	81018593          	addi	a1,gp,-2032 # 20000010 <_ebss>
 440:	00b57763          	bgeu	a0,a1,44e <handle_reset+0x4a>
 444:	00052023          	sw	zero,0(a0)
 448:	0511                	addi	a0,a0,4
 44a:	feb56de3          	bltu	a0,a1,444 <handle_reset+0x40>
 44e:	42fd                	li	t0,31
 450:	bc029073          	csrw	0xbc0,t0
 454:	42ad                	li	t0,11
 456:	80429073          	csrw	0x804,t0
 45a:	000062b7          	lui	t0,0x6
 45e:	08828293          	addi	t0,t0,136 # 6088 <__stack_size+0x5888>
 462:	3002a073          	csrs	mstatus,t0
 466:	00000297          	auipc	t0,0x0
 46a:	bd228293          	addi	t0,t0,-1070 # 38 <_einit>
 46e:	0032e293          	ori	t0,t0,3
 472:	30529073          	csrw	mtvec,t0
 476:	e1fff0ef          	jal	ra,294 <SystemInit>
 47a:	00000297          	auipc	t0,0x0
 47e:	dec28293          	addi	t0,t0,-532 # 266 <main>
 482:	34129073          	csrw	mepc,t0
 486:	30200073          	mret

0000048a <EXTI_ClearFlag>:
 48a:	400107b7          	lui	a5,0x40010
 48e:	40a7aa23          	sw	a0,1044(a5) # 40010414 <_eusrstack+0x20008414>
 492:	8082                	ret

00000494 <GPIO_Init>:
 494:	459c                	lw	a5,8(a1)
 496:	0107f713          	andi	a4,a5,16
 49a:	00f7f813          	andi	a6,a5,15
 49e:	c701                	beqz	a4,4a6 <GPIO_Init+0x12>
 4a0:	41d8                	lw	a4,4(a1)
 4a2:	00e86833          	or	a6,a6,a4
 4a6:	218e                	lhu	a1,0(a1)
 4a8:	0ff5f713          	andi	a4,a1,255
 4ac:	c339                	beqz	a4,4f2 <GPIO_Init+0x5e>
 4ae:	4118                	lw	a4,0(a0)
 4b0:	4681                	li	a3,0
 4b2:	4e85                	li	t4,1
 4b4:	4f3d                	li	t5,15
 4b6:	02800f93          	li	t6,40
 4ba:	04800293          	li	t0,72
 4be:	4e21                	li	t3,8
 4c0:	00de9633          	sll	a2,t4,a3
 4c4:	00c5f8b3          	and	a7,a1,a2
 4c8:	03161163          	bne	a2,a7,4ea <GPIO_Init+0x56>
 4cc:	00269893          	slli	a7,a3,0x2
 4d0:	011f1333          	sll	t1,t5,a7
 4d4:	fff34313          	not	t1,t1
 4d8:	00e37733          	and	a4,t1,a4
 4dc:	011818b3          	sll	a7,a6,a7
 4e0:	00e8e733          	or	a4,a7,a4
 4e4:	05f79f63          	bne	a5,t6,542 <GPIO_Init+0xae>
 4e8:	c950                	sw	a2,20(a0)
 4ea:	0685                	addi	a3,a3,1
 4ec:	fdc69ae3          	bne	a3,t3,4c0 <GPIO_Init+0x2c>
 4f0:	c118                	sw	a4,0(a0)
 4f2:	0ff00713          	li	a4,255
 4f6:	04b77563          	bgeu	a4,a1,540 <GPIO_Init+0xac>
 4fa:	4154                	lw	a3,4(a0)
 4fc:	4621                	li	a2,8
 4fe:	4e85                	li	t4,1
 500:	4f3d                	li	t5,15
 502:	02800f93          	li	t6,40
 506:	04800293          	li	t0,72
 50a:	4e41                	li	t3,16
 50c:	00ce98b3          	sll	a7,t4,a2
 510:	0115f733          	and	a4,a1,a7
 514:	02e89263          	bne	a7,a4,538 <GPIO_Init+0xa4>
 518:	00261713          	slli	a4,a2,0x2
 51c:	1701                	addi	a4,a4,-32
 51e:	00ef1333          	sll	t1,t5,a4
 522:	fff34313          	not	t1,t1
 526:	00d376b3          	and	a3,t1,a3
 52a:	00e81733          	sll	a4,a6,a4
 52e:	8ed9                	or	a3,a3,a4
 530:	01f79d63          	bne	a5,t6,54a <GPIO_Init+0xb6>
 534:	01152a23          	sw	a7,20(a0)
 538:	0605                	addi	a2,a2,1
 53a:	fdc619e3          	bne	a2,t3,50c <GPIO_Init+0x78>
 53e:	c154                	sw	a3,4(a0)
 540:	8082                	ret
 542:	fa5794e3          	bne	a5,t0,4ea <GPIO_Init+0x56>
 546:	c910                	sw	a2,16(a0)
 548:	b74d                	j	4ea <GPIO_Init+0x56>
 54a:	fe5797e3          	bne	a5,t0,538 <GPIO_Init+0xa4>
 54e:	01152823          	sw	a7,16(a0)
 552:	b7dd                	j	538 <GPIO_Init+0xa4>

00000554 <GPIO_WriteBit>:
 554:	c219                	beqz	a2,55a <GPIO_WriteBit+0x6>
 556:	c90c                	sw	a1,16(a0)
 558:	8082                	ret
 55a:	c94c                	sw	a1,20(a0)
 55c:	8082                	ret

0000055e <RCC_APB2PeriphClockCmd>:
 55e:	c599                	beqz	a1,56c <RCC_APB2PeriphClockCmd+0xe>
 560:	40021737          	lui	a4,0x40021
 564:	4f1c                	lw	a5,24(a4)
 566:	8d5d                	or	a0,a0,a5
 568:	cf08                	sw	a0,24(a4)
 56a:	8082                	ret
 56c:	400217b7          	lui	a5,0x40021
 570:	4f98                	lw	a4,24(a5)
 572:	fff54513          	not	a0,a0
 576:	8d79                	and	a0,a0,a4
 578:	cf88                	sw	a0,24(a5)
 57a:	8082                	ret

0000057c <TIM_ClearFlag>:
 57c:	fff5c593          	not	a1,a1
 580:	05c2                	slli	a1,a1,0x10
 582:	81c1                	srli	a1,a1,0x10
 584:	a90e                	sh	a1,16(a0)
 586:	8082                	ret

00000588 <ST7789_GPIO_init>:
 588:	ca9ff2ef          	jal	t0,230 <__riscv_save_0>
 58c:	1141                	addi	sp,sp,-16
 58e:	4585                	li	a1,1
 590:	04000513          	li	a0,64
 594:	c202                	sw	zero,4(sp)
 596:	c402                	sw	zero,8(sp)
 598:	c602                	sw	zero,12(sp)
 59a:	37d1                	jal	55e <RCC_APB2PeriphClockCmd>
 59c:	6789                	lui	a5,0x2
 59e:	f8078793          	addi	a5,a5,-128 # 1f80 <__stack_size+0x1780>
 5a2:	827c                	sh	a5,4(sp)
 5a4:	40012537          	lui	a0,0x40012
 5a8:	47c1                	li	a5,16
 5aa:	c63e                	sw	a5,12(sp)
 5ac:	004c                	addi	a1,sp,4
 5ae:	478d                	li	a5,3
 5b0:	80050513          	addi	a0,a0,-2048 # 40011800 <_eusrstack+0x20009800>
 5b4:	c43e                	sw	a5,8(sp)
 5b6:	3df9                	jal	494 <GPIO_Init>
 5b8:	0141                	addi	sp,sp,16
 5ba:	b969                	j	254 <__riscv_restore_0>

000005bc <EXTI0_IRQHandler>:
 5bc:	4505                	li	a0,1
 5be:	35f1                	jal	48a <EXTI_ClearFlag>
 5c0:	80818793          	addi	a5,gp,-2040 # 20000008 <_edata>
 5c4:	239a                	lhu	a4,0(a5)
 5c6:	6585                	lui	a1,0x1
 5c8:	40012537          	lui	a0,0x40012
 5cc:	0742                	slli	a4,a4,0x10
 5ce:	8341                	srli	a4,a4,0x10
 5d0:	00173713          	seqz	a4,a4
 5d4:	a39a                	sh	a4,0(a5)
 5d6:	2392                	lhu	a2,0(a5)
 5d8:	80058593          	addi	a1,a1,-2048 # 800 <__stack_size>
 5dc:	80050513          	addi	a0,a0,-2048 # 40011800 <_eusrstack+0x20009800>
 5e0:	3f95                	jal	554 <GPIO_WriteBit>
 5e2:	30200073          	mret

000005e6 <TIM6_IRQHandler>:
 5e6:	4585                	li	a1,1
 5e8:	40001537          	lui	a0,0x40001
 5ec:	3f41                	jal	57c <TIM_ClearFlag>
 5ee:	80818793          	addi	a5,gp,-2040 # 20000008 <_edata>
 5f2:	239a                	lhu	a4,0(a5)
 5f4:	6585                	lui	a1,0x1
 5f6:	40012537          	lui	a0,0x40012
 5fa:	0742                	slli	a4,a4,0x10
 5fc:	8341                	srli	a4,a4,0x10
 5fe:	00173713          	seqz	a4,a4
 602:	a39a                	sh	a4,0(a5)
 604:	2392                	lhu	a2,0(a5)
 606:	80058593          	addi	a1,a1,-2048 # 800 <__stack_size>
 60a:	80050513          	addi	a0,a0,-2048 # 40011800 <_eusrstack+0x20009800>
 60e:	3799                	jal	554 <GPIO_WriteBit>
 610:	30200073          	mret

00000614 <Delay_Init>:
 614:	200007b7          	lui	a5,0x20000
 618:	0007a783          	lw	a5,0(a5) # 20000000 <_data_vma>
 61c:	007a1737          	lui	a4,0x7a1
 620:	20070713          	addi	a4,a4,512 # 7a1200 <__stack_size+0x7a0a00>
 624:	02e7d7b3          	divu	a5,a5,a4
 628:	0ff7f793          	andi	a5,a5,255
 62c:	80f18623          	sb	a5,-2036(gp) # 2000000c <p_us>
 630:	3e800713          	li	a4,1000
 634:	02e787b3          	mul	a5,a5,a4
 638:	80f19523          	sh	a5,-2038(gp) # 2000000a <p_ms>
 63c:	8082                	ret

0000063e <Delay_Ms>:
 63e:	e000f7b7          	lui	a5,0xe000f
 642:	43d8                	lw	a4,4(a5)
 644:	4681                	li	a3,0
 646:	9b79                	andi	a4,a4,-2
 648:	c3d8                	sw	a4,4(a5)
 64a:	80a1d703          	lhu	a4,-2038(gp) # 2000000a <p_ms>
 64e:	02a70633          	mul	a2,a4,a0
 652:	cb90                	sw	a2,16(a5)
 654:	cbd4                	sw	a3,20(a5)
 656:	4398                	lw	a4,0(a5)
 658:	01076713          	ori	a4,a4,16
 65c:	c398                	sw	a4,0(a5)
 65e:	4398                	lw	a4,0(a5)
 660:	02176713          	ori	a4,a4,33
 664:	c398                	sw	a4,0(a5)
 666:	43d8                	lw	a4,4(a5)
 668:	8b05                	andi	a4,a4,1
 66a:	df75                	beqz	a4,666 <Delay_Ms+0x28>
 66c:	4398                	lw	a4,0(a5)
 66e:	9b79                	andi	a4,a4,-2
 670:	c398                	sw	a4,0(a5)
 672:	8082                	ret
